<?xml version="1.0" encoding="UTF-8"?>
<!-- Generated by org.testng.reporters.JUnitXMLReporter -->
<testsuite ignored="0" hostname="DESKTOP-ISSK39T" failures="0" tests="5" name="Lab2 - CRUD Tests" time="0.433" errors="0" timestamp="2026-03-25T23:28:52 ICT">
  <testcase classname="com.apitesting.tests.lab2.CrudUserTest" name="testCreateThenGetUser" time="0.245"/>
  <testcase classname="com.apitesting.tests.lab2.CrudUserTest" name="testCreateUser" time="0.07"/>
  <testcase classname="com.apitesting.tests.lab2.CrudUserTest" name="testDeleteUser" time="0.022"/>
  <testcase classname="com.apitesting.tests.lab2.CrudUserTest" name="testPatchUser" time="0.038"/>
  <testcase classname="com.apitesting.tests.lab2.CrudUserTest" name="testUpdateUser" time="0.046"/>
</testsuite> <!-- Lab2 - CRUD Tests -->
