<?xml version="1.0" encoding="UTF-8"?>
<!-- Generated by org.testng.reporters.JUnitXMLReporter -->
<testsuite ignored="0" hostname="DESKTOP-ISSK39T" failures="3" tests="3" name="Lab3 - JSON Schema Validation" time="1.985" errors="0" timestamp="2026-03-25T22:25:53 ICT">
  <testcase classname="com.apitesting.tests.lab3.JsonSchemaValidationTest" name="testCreateUserSchema" time="0.6">
    <failure type="java.lang.AssertionError" message="1 expectation failed.
Expected content-type &amp;quot;JSON&amp;quot; doesn&amp;apos;t match actual content-type &amp;quot;text/html; charset=UTF-8&amp;quot;.
">
      <![CDATA[java.lang.AssertionError: 1 expectation failed.
Expected content-type "JSON" doesn't match actual content-type "text/html; charset=UTF-8".

at org.codehaus.groovy.runtime.callsite.ConstructorSite$ConstructorSiteNoUnwrapNoCoerce.callConstructor(ConstructorSite.java:108)
at org.codehaus.groovy.runtime.callsite.AbstractCallSite.callConstructor(AbstractCallSite.java:277)
at io.restassured.internal.ResponseSpecificationImpl$HamcrestAssertionClosure.validate(ResponseSpecificationImpl.groovy:512)
at io.restassured.internal.ResponseSpecificationImpl$HamcrestAssertionClosure$validate$1.call(Unknown Source)
at io.restassured.internal.ResponseSpecificationImpl.validate(ResponseSpecificationImpl.groovy:101)
at io.restassured.internal.ValidatableResponseOptionsImpl.spec(ValidatableResponseOptionsImpl.java:288)
at com.apitesting.tests.lab3.JsonSchemaValidationTest.testCreateUserSchema(JsonSchemaValidationTest.java:49)
at java.base/java.util.ArrayList.forEach(ArrayList.java:1596)
... Removed 33 stack frames]]>
    </failure>
  </testcase> <!-- testCreateUserSchema -->
  <testcase classname="com.apitesting.tests.lab3.JsonSchemaValidationTest" name="testSingleUserSchema" time="0.719">
    <failure type="java.lang.AssertionError" message="1 expectation failed.
Expected content-type &amp;quot;JSON&amp;quot; doesn&amp;apos;t match actual content-type &amp;quot;text/html; charset=UTF-8&amp;quot;.
">
      <![CDATA[java.lang.AssertionError: 1 expectation failed.
Expected content-type "JSON" doesn't match actual content-type "text/html; charset=UTF-8".

at org.codehaus.groovy.runtime.callsite.ConstructorSite$ConstructorSiteNoUnwrapNoCoerce.callConstructor(ConstructorSite.java:108)
at org.codehaus.groovy.runtime.callsite.AbstractCallSite.callConstructor(AbstractCallSite.java:277)
at io.restassured.internal.ResponseSpecificationImpl$HamcrestAssertionClosure.validate(ResponseSpecificationImpl.groovy:512)
at io.restassured.internal.ResponseSpecificationImpl$HamcrestAssertionClosure$validate$1.call(Unknown Source)
at io.restassured.internal.ResponseSpecificationImpl.validate(ResponseSpecificationImpl.groovy:101)
at io.restassured.internal.ValidatableResponseOptionsImpl.spec(ValidatableResponseOptionsImpl.java:288)
at com.apitesting.tests.lab3.JsonSchemaValidationTest.testSingleUserSchema(JsonSchemaValidationTest.java:36)
at java.base/java.util.ArrayList.forEach(ArrayList.java:1596)
... Removed 33 stack frames]]>
    </failure>
  </testcase> <!-- testSingleUserSchema -->
  <testcase classname="com.apitesting.tests.lab3.JsonSchemaValidationTest" name="testUserListSchema" time="0.656">
    <failure type="java.lang.AssertionError" message="1 expectation failed.
Expected content-type &amp;quot;JSON&amp;quot; doesn&amp;apos;t match actual content-type &amp;quot;text/html; charset=UTF-8&amp;quot;.
">
      <![CDATA[java.lang.AssertionError: 1 expectation failed.
Expected content-type "JSON" doesn't match actual content-type "text/html; charset=UTF-8".

at org.codehaus.groovy.runtime.callsite.ConstructorSite$ConstructorSiteNoUnwrapNoCoerce.callConstructor(ConstructorSite.java:108)
at org.codehaus.groovy.runtime.callsite.AbstractCallSite.callConstructor(AbstractCallSite.java:277)
at io.restassured.internal.ResponseSpecificationImpl$HamcrestAssertionClosure.validate(ResponseSpecificationImpl.groovy:512)
at io.restassured.internal.ResponseSpecificationImpl$HamcrestAssertionClosure$validate$1.call(Unknown Source)
at io.restassured.internal.ResponseSpecificationImpl.validate(ResponseSpecificationImpl.groovy:101)
at io.restassured.internal.ValidatableResponseOptionsImpl.spec(ValidatableResponseOptionsImpl.java:288)
at com.apitesting.tests.lab3.JsonSchemaValidationTest.testUserListSchema(JsonSchemaValidationTest.java:24)
at java.base/java.util.ArrayList.forEach(ArrayList.java:1596)
... Removed 33 stack frames]]>
    </failure>
  </testcase> <!-- testUserListSchema -->
</testsuite> <!-- Lab3 - JSON Schema Validation -->
