<?xml version="1.0" encoding="UTF-8"?>
<!-- Generated by org.testng.reporters.JUnitXMLReporter -->
<testsuite ignored="0" hostname="DESKTOP-ISSK39T" failures="0" tests="3" name="Lab3 - JSON Schema Validation" time="0.291" errors="0" timestamp="2026-03-25T23:28:52 ICT">
  <testcase classname="com.apitesting.tests.lab3.JsonSchemaValidationTest" name="testCreateUserSchema" time="0.217"/>
  <testcase classname="com.apitesting.tests.lab3.JsonSchemaValidationTest" name="testSingleUserSchema" time="0.029"/>
  <testcase classname="com.apitesting.tests.lab3.JsonSchemaValidationTest" name="testUserListSchema" time="0.034"/>
</testsuite> <!-- Lab3 - JSON Schema Validation -->
