<?xml version="1.0" encoding="UTF-8"?>
<!-- Generated by org.testng.reporters.JUnitXMLReporter -->
<testsuite ignored="0" hostname="DESKTOP-ISSK39T" failures="0" tests="2" name="Lab6 - API + UI Integration" time="6.902" errors="0" timestamp="2026-03-25T22:26:14 ICT">
  <testcase classname="com.apitesting.tests.lab6.ApiUiIntegrationTest" name="testFullApiUiFlow" time="0.003">
    <skipped/>
  </testcase> <!-- testFullApiUiFlow -->
  <testcase classname="com.apitesting.tests.lab6.ApiUiIntegrationTest" name="testUiLoginAfterApiPrecondition" time="0.001">
    <skipped/>
  </testcase> <!-- testUiLoginAfterApiPrecondition -->
</testsuite> <!-- Lab6 - API + UI Integration -->
