<?xml version="1.0" encoding="UTF-8"?>
<!-- Generated by org.testng.reporters.JUnitXMLReporter -->
<testsuite ignored="0" hostname="DESKTOP-ISSK39T" failures="0" tests="4" name="Surefire test" time="2.511" errors="0" timestamp="2026-03-25T23:26:47 ICT">
  <testcase classname="com.apitesting.tests.lab1.GetRequestTest" name="testGetNonExistentUser" time="0.835"/>
  <testcase classname="com.apitesting.tests.lab1.GetRequestTest" name="testGetSingleUser" time="0.331"/>
  <testcase classname="com.apitesting.tests.lab1.GetRequestTest" name="testGetUsersPage1" time="0.077"/>
  <testcase classname="com.apitesting.tests.lab1.GetRequestTest" name="testGetUsersPage2" time="0.089"/>
</testsuite> <!-- Surefire test -->
