<?xml version="1.0" encoding="UTF-8"?>
<!-- Generated by org.testng.reporters.JUnitXMLReporter -->
<testsuite ignored="0" hostname="DESKTOP-ISSK39T" failures="0" tests="20" name="Bai5.1-5.2 - VayVon Condition Coverage and MC/DC Tests" time="0.062" errors="0" timestamp="2026-03-19T12:32:44 ICT">
  <testcase classname="com.example.bai5_mcdc.VayVonMCDCTest" name="testBoundary_A_Tuoi21" time="0.005"/>
  <testcase classname="com.example.bai5_mcdc.VayVonMCDCTest" name="testBoundary_A_Tuoi22" time="0.0"/>
  <testcase classname="com.example.bai5_mcdc.VayVonMCDCTest" name="testBoundary_B_ThuNhap10tr" time="0.0"/>
  <testcase classname="com.example.bai5_mcdc.VayVonMCDCTest" name="testBoundary_B_ThuNhapDuoi10tr" time="0.001"/>
  <testcase classname="com.example.bai5_mcdc.VayVonMCDCTest" name="testBoundary_D_TinDung699" time="0.0"/>
  <testcase classname="com.example.bai5_mcdc.VayVonMCDCTest" name="testBoundary_D_TinDung700" time="0.001"/>
  <testcase classname="com.example.bai5_mcdc.VayVonMCDCTest" name="testConditionCoverage_TatCaFalse" time="0.0"/>
  <testcase classname="com.example.bai5_mcdc.VayVonMCDCTest" name="testConditionCoverage_TatCaTrue" time="0.0"/>
  <testcase classname="com.example.bai5_mcdc.VayVonMCDCTest" name="testMCDC_ADocLap_TuoiThapHon22" time="0.0"/>
  <testcase classname="com.example.bai5_mcdc.VayVonMCDCTest" name="testMCDC_BDocLap_ThuNhapThap" time="0.001"/>
  <testcase classname="com.example.bai5_mcdc.VayVonMCDCTest" name="testMCDC_DataDriven" time="0.011"/>
  <testcase classname="com.example.bai5_mcdc.VayVonMCDCTest" name="testMCDC_DataDriven" time="0.0"/>
  <testcase classname="com.example.bai5_mcdc.VayVonMCDCTest" name="testMCDC_DataDriven" time="0.0"/>
  <testcase classname="com.example.bai5_mcdc.VayVonMCDCTest" name="testMCDC_DataDriven" time="0.0"/>
  <testcase classname="com.example.bai5_mcdc.VayVonMCDCTest" name="testMCDC_DataDriven" time="0.001"/>
  <testcase classname="com.example.bai5_mcdc.VayVonMCDCTest" name="testMCDC_DataDriven" time="0.0"/>
  <testcase classname="com.example.bai5_mcdc.VayVonMCDCTest" name="testMCDC_Row1_TatCaTrue" time="0.0"/>
  <testcase classname="com.example.bai5_mcdc.VayVonMCDCTest" name="testMCDC_Row2_CoTaiSan_KhongTinDung" time="0.0"/>
  <testcase classname="com.example.bai5_mcdc.VayVonMCDCTest" name="testMCDC_Row3_KhongTaiSan_TinDungTot" time="0.0"/>
  <testcase classname="com.example.bai5_mcdc.VayVonMCDCTest" name="testMCDC_Row4_KhongBaoDam" time="0.0"/>
</testsuite> <!-- Bai5.1-5.2 - VayVon Condition Coverage and MC/DC Tests -->
