<?xml version="1.0" encoding="UTF-8"?>
<!-- Generated by org.testng.reporters.JUnitXMLReporter -->
<testsuite ignored="0" hostname="DESKTOP-ISSK39T" failures="0" tests="18" name="Bai7.1 - OrderProcessor: Basis Path + MC/DC Tests" time="0.303" errors="0" timestamp="2026-03-19T12:48:48 ICT">
  <testcase classname="com.example.bai7_allurejacoco.OrderProcessorTest" name="testBoundary_D7_Total499999_CoShip" time="0.059"/>
  <testcase classname="com.example.bai7_allurejacoco.OrderProcessorTest" name="testBoundary_D7_Total500k_KhongShip" time="0.003"/>
  <testcase classname="com.example.bai7_allurejacoco.OrderProcessorTest" name="testKetHop_Sale10_Gold_KhongShip" time="0.004"/>
  <testcase classname="com.example.bai7_allurejacoco.OrderProcessorTest" name="testKetHop_Sale20_Platinum_Online" time="0.006"/>
  <testcase classname="com.example.bai7_allurejacoco.OrderProcessorTest" name="testMCDC_M1_D2True_D3True_Sale10" time="0.005"/>
  <testcase classname="com.example.bai7_allurejacoco.OrderProcessorTest" name="testMCDC_M2_D2True_D3False_Sale20" time="0.002"/>
  <testcase classname="com.example.bai7_allurejacoco.OrderProcessorTest" name="testMCDC_M3_D2False_NoCoupon" time="0.001"/>
  <testcase classname="com.example.bai7_allurejacoco.OrderProcessorTest" name="testMCDC_M3b_D2False_EmptyCoupon" time="0.001"/>
  <testcase classname="com.example.bai7_allurejacoco.OrderProcessorTest" name="testP1_GioHangNull" time="0.003"/>
  <testcase classname="com.example.bai7_allurejacoco.OrderProcessorTest" name="testP1b_GioHangRong" time="0.001"/>
  <testcase classname="com.example.bai7_allurejacoco.OrderProcessorTest" name="testP2_KhongCoupon_KhongMember_KhongShip" time="0.002"/>
  <testcase classname="com.example.bai7_allurejacoco.OrderProcessorTest" name="testP3_Online_PhiShip30k" time="0.002"/>
  <testcase classname="com.example.bai7_allurejacoco.OrderProcessorTest" name="testP4_COD_PhiShip20k" time="0.001"/>
  <testcase classname="com.example.bai7_allurejacoco.OrderProcessorTest" name="testP5_Sale10_Online" time="0.001"/>
  <testcase classname="com.example.bai7_allurejacoco.OrderProcessorTest" name="testP6_Sale20_Online" time="0.001"/>
  <testcase classname="com.example.bai7_allurejacoco.OrderProcessorTest" name="testP7_CouponKhongHopLe" time="0.001"/>
  <testcase classname="com.example.bai7_allurejacoco.OrderProcessorTest" name="testP8_GoldMember_KhongShip" time="0.001"/>
  <testcase classname="com.example.bai7_allurejacoco.OrderProcessorTest" name="testP9_PlatinumMember_KhongShip" time="0.001"/>
</testsuite> <!-- Bai7.1 - OrderProcessor: Basis Path + MC/DC Tests -->
