<?xml version="1.0" encoding="UTF-8"?>
<!-- Generated by org.testng.reporters.JUnitXMLReporter -->
<testsuite ignored="0" hostname="DESKTOP-ISSK39T" failures="0" tests="12" name="Bai3.2 - TinhTienNuoc Branch Coverage Tests" time="0.013" errors="0" timestamp="2026-03-19T12:14:21 ICT">
  <testcase classname="com.example.bai3_whitebox.TinhTienNuocTest" name="testBoundary_DanCu_11m3" time="0.001"/>
  <testcase classname="com.example.bai3_whitebox.TinhTienNuocTest" name="testBoundary_DanCu_21m3" time="0.0"/>
  <testcase classname="com.example.bai3_whitebox.TinhTienNuocTest" name="testBoundary_SoM3_Mot_HoNgheo" time="0.001"/>
  <testcase classname="com.example.bai3_whitebox.TinhTienNuocTest" name="testTC1_SoM3_Khong" time="0.0"/>
  <testcase classname="com.example.bai3_whitebox.TinhTienNuocTest" name="testTC1b_SoM3_Am" time="0.002"/>
  <testcase classname="com.example.bai3_whitebox.TinhTienNuocTest" name="testTC2_HoNgheo" time="0.0"/>
  <testcase classname="com.example.bai3_whitebox.TinhTienNuocTest" name="testTC3_DanCu_DuoiOrBang10" time="0.0"/>
  <testcase classname="com.example.bai3_whitebox.TinhTienNuocTest" name="testTC3b_DanCu_Bien10" time="0.0"/>
  <testcase classname="com.example.bai3_whitebox.TinhTienNuocTest" name="testTC4_DanCu_Muc2" time="0.0"/>
  <testcase classname="com.example.bai3_whitebox.TinhTienNuocTest" name="testTC4b_DanCu_Bien20" time="0.0"/>
  <testcase classname="com.example.bai3_whitebox.TinhTienNuocTest" name="testTC5_DanCu_Muc3" time="0.0"/>
  <testcase classname="com.example.bai3_whitebox.TinhTienNuocTest" name="testTC6_KinhDoanh" time="0.0"/>
</testsuite> <!-- Bai3.2 - TinhTienNuoc Branch Coverage Tests -->
