<?xml version="1.0" encoding="UTF-8"?>
<testsuite xmlns:xsi="http://www.w3.org/2001/XMLSchema-instance" xsi:noNamespaceSchemaLocation="https://maven.apache.org/surefire/maven-surefire-plugin/xsd/surefire-test-report-3.0.xsd" version="3.0" name="TestSuite" time="49.768" tests="39" errors="0" skipped="2" failures="30">
  <properties>
[...]
</properties>
  <testcase name="testGetNonExistentUser" classname="com.apitesting.tests.lab1.GetRequestTest" time="1.85">
    <failure message="1 expectation failed.&#10;Expected content-type &quot;JSON&quot; doesn&apos;t match actual content-type &quot;text/html; charset=UTF-8&quot;.&#10;" type="java.lang.AssertionError"><![CDATA[java.lang.AssertionError: 
1 expectation failed.
Expected content-type "JSON" doesn't match actual content-type "text/html; charset=UTF-8".

	at java.base/jdk.internal.reflect.DirectConstructorHandleAccessor.newInstance(DirectConstructorHandleAccessor.java:62)
	at java.base/java.lang.reflect.Constructor.newInstanceWithCaller(Constructor.java:502)
	at java.base/java.lang.reflect.Constructor.newInstance(Constructor.java:486)
	at org.codehaus.groovy.reflection.CachedConstructor.invoke(CachedConstructor.java:73)
	at org.codehaus.groovy.runtime.callsite.ConstructorSite$ConstructorSiteNoUnwrapNoCoerce.callConstructor(ConstructorSite.java:108)
	at org.codehaus.groovy.runtime.callsite.CallSiteArray.defaultCallConstructor(CallSiteArray.java:57)
	at org.codehaus.groovy.runtime.callsite.AbstractCallSite.callConstructor(AbstractCallSite.java:263)
	at org.codehaus.groovy.runtime.callsite.AbstractCallSite.callConstructor(AbstractCallSite.java:277)
	at io.restassured.internal.ResponseSpecificationImpl$HamcrestAssertionClosure.validate(ResponseSpecificationImpl.groovy:512)
	at io.restassured.internal.ResponseSpecificationImpl$HamcrestAssertionClosure$validate$1.call(Unknown Source)
	at org.codehaus.groovy.runtime.callsite.CallSiteArray.defaultCall(CallSiteArray.java:45)
	at org.codehaus.groovy.runtime.callsite.AbstractCallSite.call(AbstractCallSite.java:125)
	at org.codehaus.groovy.runtime.callsite.AbstractCallSite.call(AbstractCallSite.java:139)
	at io.restassured.internal.ResponseSpecificationImpl.validate(ResponseSpecificationImpl.groovy:101)
	at io.restassured.internal.ValidatableResponseOptionsImpl.spec(ValidatableResponseOptionsImpl.java:288)
	at com.apitesting.tests.lab1.GetRequestTest.testGetNonExistentUser(GetRequestTest.java:78)
	at java.base/jdk.internal.reflect.DirectMethodHandleAccessor.invoke(DirectMethodHandleAccessor.java:103)
	at java.base/java.lang.reflect.Method.invoke(Method.java:580)
	at org.testng.internal.invokers.MethodInvocationHelper.invokeMethod(MethodInvocationHelper.java:139)
	at org.testng.internal.invokers.TestInvoker.invokeMethod(TestInvoker.java:664)
	at org.testng.internal.invokers.TestInvoker.invokeTestMethod(TestInvoker.java:228)
	at org.testng.internal.invokers.MethodRunner.runInSequence(MethodRunner.java:63)
	at org.testng.internal.invokers.TestInvoker$MethodInvocationAgent.invoke(TestInvoker.java:961)
	at org.testng.internal.invokers.TestInvoker.invokeTestMethods(TestInvoker.java:201)
	at org.testng.internal.invokers.TestMethodWorker.invokeTestMethods(TestMethodWorker.java:148)
	at org.testng.internal.invokers.TestMethodWorker.run(TestMethodWorker.java:128)
	at java.base/java.util.ArrayList.forEach(ArrayList.java:1596)
	at org.testng.TestRunner.privateRun(TestRunner.java:819)
	at org.testng.TestRunner.run(TestRunner.java:619)
	at org.testng.SuiteRunner.runTest(SuiteRunner.java:443)
	at org.testng.SuiteRunner.runSequentially(SuiteRunner.java:437)
	at org.testng.SuiteRunner.privateRun(SuiteRunner.java:397)
	at org.testng.SuiteRunner.run(SuiteRunner.java:336)
	at org.testng.SuiteRunnerWorker.runSuite(SuiteRunnerWorker.java:52)
	at org.testng.SuiteRunnerWorker.run(SuiteRunnerWorker.java:95)
	at org.testng.TestNG.runSuitesSequentially(TestNG.java:1301)
	at org.testng.TestNG.runSuitesLocally(TestNG.java:1228)
	at org.testng.TestNG.runSuites(TestNG.java:1134)
	at org.testng.TestNG.run(TestNG.java:1101)
	at org.apache.maven.surefire.testng.TestNGExecutor.run(TestNGExecutor.java:308)
	at org.apache.maven.surefire.testng.TestNGXmlTestSuite.execute(TestNGXmlTestSuite.java:71)
	at org.apache.maven.surefire.testng.TestNGProvider.invoke(TestNGProvider.java:113)
	at org.apache.maven.surefire.booter.ForkedBooter.runSuitesInProcess(ForkedBooter.java:385)
	at org.apache.maven.surefire.booter.ForkedBooter.execute(ForkedBooter.java:162)
	at org.apache.maven.surefire.booter.ForkedBooter.run(ForkedBooter.java:507)
	at org.apache.maven.surefire.booter.ForkedBooter.main(ForkedBooter.java:495)
]]></failure>
    <system-out><![CDATA[Request method:	GET
Request URI:	https://reqres.in/api/users/9999
Proxy:			<none>
Request params:	<none>
Query params:	<none>
Form params:	<none>
Path params:	<none>
Headers:		Accept=application/json
				Content-Type=application/json
Cookies:		<none>
Multiparts:		<none>
Body:			<none>
HTTP/1.1 403 Forbidden
Date: Wed, 25 Mar 2026 15:25:44 GMT
Content-Type: text/html; charset=UTF-8
Transfer-Encoding: chunked
Connection: close
Accept-Ch: Sec-CH-UA-Bitness, Sec-CH-UA-Arch, Sec-CH-UA-Full-Version, Sec-CH-UA-Mobile, Sec-CH-UA-Model, Sec-CH-UA-Platform-Version, Sec-CH-UA-Full-Version-List, Sec-CH-UA-Platform, Sec-CH-UA, UA-Bitness, UA-Arch, UA-Full-Version, UA-Mobile, UA-Model, UA-Platform-Version, UA-Platform, UA
Cf-Mitigated: challenge
Critical-Ch: Sec-CH-UA-Bitness, Sec-CH-UA-Arch, Sec-CH-UA-Full-Version, Sec-CH-UA-Mobile, Sec-CH-UA-Model, Sec-CH-UA-Platform-Version, Sec-CH-UA-Full-Version-List, Sec-CH-UA-Platform, Sec-CH-UA, UA-Bitness, UA-Arch, UA-Full-Version, UA-Mobile, UA-Model, UA-Platform-Version, UA-Platform, UA
Cross-Origin-Embedder-Policy: require-corp
Cross-Origin-Opener-Policy: same-origin
Cross-Origin-Resource-Policy: same-origin
Origin-Agent-Cluster: ?1
Permissions-Policy: accelerometer=(),browsing-topics=(),camera=(),clipboard-read=(),clipboard-write=(),geolocation=(),gyroscope=(),hid=(),interest-cohort=(),magnetometer=(),microphone=(),payment=(),publickey-credentials-get=(),screen-wake-lock=(),serial=(),sync-xhr=(),usb=()
Referrer-Policy: same-origin
Server-Timing: chlray;desc="9e1eee0f5c4afe07"
X-Content-Type-Options: nosniff
X-Frame-Options: SAMEORIGIN
Report-To: {"group":"cf-nel","max_age":604800,"endpoints":[{"url":"https://a.nel.cloudflare.com/report/v4?s=fPVTmIBxXMQjTpw%2FiqAqMlp320hCpd5UvYd7Uj9KEI0IHQ9ukL5iE%2FM2gBAXOEvwEFPsGJvpLAwegDKaWyb6%2B%2BoS%2FoEpMMR0"}]}
Nel: {"report_to":"cf-nel","success_fraction":0.0,"max_age":604800}
Content-Encoding: gzip
Server: cloudflare
CF-RAY: 9e1eee0f5c4afe07-SIN

<html lang="en-US">
  <head>
    <title>Just a moment...</title>
    <meta http-equiv="Content-Type" content="text/html; charset=UTF-8"/>
    <meta http-equiv="X-UA-Compatible" content="IE=Edge"/>
    <meta name="robots" content="noindex,nofollow"/>
    <meta name="viewport" content="width=device-width,initial-scale=1"/>
    <style>*{box-sizing:border-box;margin:0;padding:0}html{line-height:1.15;-webkit-text-size-adjust:100%;color:#313131;font-family:system-ui,-apple-system,BlinkMacSystemFont,"Segoe UI",Roboto,"Helvetica Neue",Arial,"Noto Sans",sans-serif,"Apple Color Emoji","Segoe UI Emoji","Segoe UI Symbol","Noto Color Emoji"}body{display:flex;flex-direction:column;height:100vh;min-height:100vh}.main-content{margin:8rem auto;padding-left:1.5rem;max-width:60rem}@media (width &lt;= 720px){.main-content{margin-top:4rem}}#challenge-error-text{background-image:url("data:image/svg+xml;base64,PHN2ZyB4bWxucz0iaHR0cDovL3d3dy53My5vcmcvMjAwMC9zdmciIHdpZHRoPSIzMiIgaGVpZ2h0PSIzMiIgZmlsbD0ibm9uZSI+PHBhdGggZmlsbD0iI0IyMEYwMyIgZD0iTTE2IDNhMTMgMTMgMCAxIDAgMTMgMTNBMTMuMDE1IDEzLjAxNSAwIDAgMCAxNiAzbTAgMjRhMTEgMTEgMCAxIDEgMTEtMTEgMTEuMDEgMTEuMDEgMCAwIDEtMTEgMTEiLz48cGF0aCBmaWxsPSIjQjIwRjAzIiBkPSJNMTcuMDM4IDE4LjYxNUgxNC44N0wxNC41NjMgOS41aDIuNzgzem0tMS4wODQgMS40MjdxLjY2IDAgMS4wNTcuMzg4LjQwNy4zODkuNDA3Ljk5NCAwIC41OTYtLjQwNy45ODQtLjM5Ny4zOS0xLjA1Ny4zODktLjY1IDAtMS4wNTYtLjM4OS0uMzk4LS4zODktLjM5OC0uOTg0IDAtLjU5Ny4zOTgtLjk4NS40MDYtLjM5NyAxLjA1Ni0uMzk3Ii8+PC9zdmc+");background-repeat:no-repeat;background-size:contain;padding-left:34px}</style>
    <meta http-equiv="refresh" content="360"/>
  </head>
  <body>
    <div class="main-wrapper" role="main">
      <div class="main-content">
        <noscript>
          <div class="h2">
            <span id="challenge-error-text">Enable JavaScript and cookies to continue</span>
          </div>
        </noscript>
      </div>
    </div>
    <script>(function(){window._cf_chl_opt = {cvId: '3',cZone: 'reqres.in',cType: 'managed',cRay: '9e1eee0f5c4afe07',cH: 'MbxVkIH8vZZ1H_Rr8GL.Sqkj.q99D5jF.QSzbzPArU4-1774452344-1.2.1.1-9nREv9HPTilfxITmNm1gu2s3nRBtlnMxpLtsJp7BvS2yp4_3fEp_oF5tlM0Q90QC',cUPMDTk:"/api/users/9999?__cf_chl_tk=i5P1w9oNOuAOrWtvB2kGSy30sBOoLVLiTCJDGYdzPkc-1774452344-1.0.1.1-OQHeafCpqfY5IMxacc1BhSm4Wx_oUO1YsMW5F2bV.IA",cFPWv: 'g',cITimeS: '1774452344',cTplC:0,cTplO:0,cTplV:5,cTplB: '0',fa:"/api/users/9999?__cf_chl_f_tk=i5P1w9oNOuAOrWtvB2kGSy30sBOoLVLiTCJDGYdzPkc-1774452344-1.0.1.1-OQHeafCpqfY5IMxacc1BhSm4Wx_oUO1YsMW5F2bV.IA",md: 'hYwVtPs4Yqs_nvtj_P1Q_kbsOQ2Ql1_7EFXXTN6t7l8-1774452344-1.2.1.1-JyxA3FkZ4W2od4NVFiBoYEPg8kzkf1ZRyoSr3zVttV1MQBdSvTAzZZS3jR8UyY9G8kRR6mD9r..cYpQ4MDSK6yhO4dbYYDdr2I2yljx5TVqPc1e0XATjYHTnWkFoEuskMEnUWKtnS8qHsgY4vqwwEYxMyugcOhC8rkDTP1T_J_V2TB_qmzgafUUH9P8MO64LaiGb969_0S6nQtEYE0Ehn02tVrwBX02VWkRbnMNeioKJJF.tx4.O11AMPgtyjkX.nr9Vo4pb8KohctZPq0Y7FAjRvYgkCEgG5oGA63xaGnt8HaupFIcBhDu5Snl8XkkLPJOWgSRaFmYdiVv_4nzJRSCwc93gzXH1LTb6lKQgTSc2xBrIpIT2bPb4M86705TKRs2liAYjJGHa9OcGzucUA.CccW52FUiFZDNxvJFEv05kfjZ9f4FDRhuNBE0yuiUrj9NPp0z8IRSrBcnwNe0MOHm.Kp.C_odOhRoQziJxETBSUYiSZoea6Lyw456ET8GgQEhkKvZ_KpywCLktwRfI8iGmEsnJnkfrB5Q.aujWiqumdh18RP0au920cN_Y1KBnqG9xKPhtLZ_Vkj8lksbh_diUo.mCep0eczmvWXFIWVwAF3suqYagRswzXwEDIRJxlYUk2TLHQtdNbRbH_IhlSIiOrs3uyog6zqiwRDuZjX4FY8Xo7dBuirnnUcV38_juBkj24qf1twpaUGXJOgztTUbLDkMjLGlaHGk0ogFgMnEJLkRJAhjsl3LVQxegpANBfjvH3hsy87MQEykJHO_60cioWmxpb_AKmD9h1PIWa9HkldZRi.8Bwea.lqGIwCtwbIXeA82Zh0J7eG9Oaa_WbkvVvagG19iQe7X.7QVMCPJOS7vK206Lq2QhiJii7n48P8mCqqU088.9gaF4VRb0VdLLSvDBnjSRJ1f5Y_llOHSJkSRjaOem24Aq64AAbkfS',mdrd: 'sUbuSv9Z.jOw46Se_s9CFIs1lpNuJie1puS_Ou4HxII-1774452344-1.2.1.1-St2reG5_EJt_2SWpFMqt2UR_WwVAELTDylQraqnLrBjgfo9XvWi6_ccdRE3MDEfCMVJq.N5Kl4uF4N_YRGmWNxU_KV90Phy9x4m4H7iEOML2rUrGIz9YU0ouLimldPKwPzWOkusRKxCGvvLBnU5z48gJ8sE2NiQADkhd2Gi14J1xU4w.jXCGVcaKlvSKzJA32qXQfc_lp_X_s_4.64se6NCco7Vg.ewMYTgLBjbnCSNsDm0TL0drcfxch98mN0z.sd87CGLXy_l0cHw_rX6MYy8lq3WwBTQxouWszARSzUGAxt3kNXwKaB5eCUJOzBrOuBDKmf7_evoz9hP39p_Y0covWnUf3zdpdI.PICPZNEM',};var a = document.createElement('script');a.src = '/cdn-cgi/challenge-platform/h/g/orchestrate/chl_page/v1?ray=9e1eee0f5c4afe07';window._cf_chl_opt.cOgUHash = location.hash === '' &amp;&amp; location.href.indexOf('#') !== -1 ? '#' : location.hash;window._cf_chl_opt.cOgUQuery = location.search === '' &amp;&amp; location.href.slice(0, location.href.length - window._cf_chl_opt.cOgUHash.length).indexOf('?') !== -1 ? '?' : location.search;if (window.history &amp;&amp; window.history.replaceState) {var ogU = location.pathname + window._cf_chl_opt.cOgUQuery + window._cf_chl_opt.cOgUHash;history.replaceState(null, null,"/api/users/9999?__cf_chl_rt_tk=i5P1w9oNOuAOrWtvB2kGSy30sBOoLVLiTCJDGYdzPkc-1774452344-1.0.1.1-OQHeafCpqfY5IMxacc1BhSm4Wx_oUO1YsMW5F2bV.IA"+ window._cf_chl_opt.cOgUHash);a.onload = function() {history.replaceState(null, null, ogU);}}document.getElementsByTagName('head')[0].appendChild(a);}());</script>
  </body>
</html>
]]></system-out>
    <system-err><![CDATA[SLF4J: Failed to load class "org.slf4j.impl.StaticLoggerBinder".
SLF4J: Defaulting to no-operation (NOP) logger implementation
SLF4J: See http://www.slf4j.org/codes.html#StaticLoggerBinder for further details.
]]></system-err>
  </testcase>
  <testcase name="testGetSingleUser" classname="com.apitesting.tests.lab1.GetRequestTest" time="0.568">
    <failure message="1 expectation failed.&#10;Expected content-type &quot;JSON&quot; doesn&apos;t match actual content-type &quot;text/html; charset=UTF-8&quot;.&#10;" type="java.lang.AssertionError"><![CDATA[java.lang.AssertionError: 
1 expectation failed.
Expected content-type "JSON" doesn't match actual content-type "text/html; charset=UTF-8".

	at java.base/jdk.internal.reflect.DirectConstructorHandleAccessor.newInstance(DirectConstructorHandleAccessor.java:62)
	at java.base/java.lang.reflect.Constructor.newInstanceWithCaller(Constructor.java:502)
	at java.base/java.lang.reflect.Constructor.newInstance(Constructor.java:486)
	at org.codehaus.groovy.reflection.CachedConstructor.invoke(CachedConstructor.java:73)
	at org.codehaus.groovy.runtime.callsite.ConstructorSite$ConstructorSiteNoUnwrapNoCoerce.callConstructor(ConstructorSite.java:108)
	at org.codehaus.groovy.runtime.callsite.AbstractCallSite.callConstructor(AbstractCallSite.java:277)
	at io.restassured.internal.ResponseSpecificationImpl$HamcrestAssertionClosure.validate(ResponseSpecificationImpl.groovy:512)
	at io.restassured.internal.ResponseSpecificationImpl$HamcrestAssertionClosure$validate$1.call(Unknown Source)
	at io.restassured.internal.ResponseSpecificationImpl.validate(ResponseSpecificationImpl.groovy:101)
	at io.restassured.internal.ValidatableResponseOptionsImpl.spec(ValidatableResponseOptionsImpl.java:288)
	at com.apitesting.tests.lab1.GetRequestTest.testGetSingleUser(GetRequestTest.java:64)
	at java.base/jdk.internal.reflect.DirectMethodHandleAccessor.invoke(DirectMethodHandleAccessor.java:103)
	at java.base/java.lang.reflect.Method.invoke(Method.java:580)
	at org.testng.internal.invokers.MethodInvocationHelper.invokeMethod(MethodInvocationHelper.java:139)
	at org.testng.internal.invokers.TestInvoker.invokeMethod(TestInvoker.java:664)
	at org.testng.internal.invokers.TestInvoker.invokeTestMethod(TestInvoker.java:228)
	at org.testng.internal.invokers.MethodRunner.runInSequence(MethodRunner.java:63)
	at org.testng.internal.invokers.TestInvoker$MethodInvocationAgent.invoke(TestInvoker.java:961)
	at org.testng.internal.invokers.TestInvoker.invokeTestMethods(TestInvoker.java:201)
	at org.testng.internal.invokers.TestMethodWorker.invokeTestMethods(TestMethodWorker.java:148)
	at org.testng.internal.invokers.TestMethodWorker.run(TestMethodWorker.java:128)
	at java.base/java.util.ArrayList.forEach(ArrayList.java:1596)
	at org.testng.TestRunner.privateRun(TestRunner.java:819)
	at org.testng.TestRunner.run(TestRunner.java:619)
	at org.testng.SuiteRunner.runTest(SuiteRunner.java:443)
	at org.testng.SuiteRunner.runSequentially(SuiteRunner.java:437)
	at org.testng.SuiteRunner.privateRun(SuiteRunner.java:397)
	at org.testng.SuiteRunner.run(SuiteRunner.java:336)
	at org.testng.SuiteRunnerWorker.runSuite(SuiteRunnerWorker.java:52)
	at org.testng.SuiteRunnerWorker.run(SuiteRunnerWorker.java:95)
	at org.testng.TestNG.runSuitesSequentially(TestNG.java:1301)
	at org.testng.TestNG.runSuitesLocally(TestNG.java:1228)
	at org.testng.TestNG.runSuites(TestNG.java:1134)
	at org.testng.TestNG.run(TestNG.java:1101)
	at org.apache.maven.surefire.testng.TestNGExecutor.run(TestNGExecutor.java:308)
	at org.apache.maven.surefire.testng.TestNGXmlTestSuite.execute(TestNGXmlTestSuite.java:71)
	at org.apache.maven.surefire.testng.TestNGProvider.invoke(TestNGProvider.java:113)
	at org.apache.maven.surefire.booter.ForkedBooter.runSuitesInProcess(ForkedBooter.java:385)
	at org.apache.maven.surefire.booter.ForkedBooter.execute(ForkedBooter.java:162)
	at org.apache.maven.surefire.booter.ForkedBooter.run(ForkedBooter.java:507)
	at org.apache.maven.surefire.booter.ForkedBooter.main(ForkedBooter.java:495)
]]></failure>
    <system-out><![CDATA[Request method:	GET
Request URI:	https://reqres.in/api/users/3
Proxy:			<none>
Request params:	<none>
Query params:	<none>
Form params:	<none>
Path params:	<none>
Headers:		Accept=application/json
				Content-Type=application/json
Cookies:		<none>
Multiparts:		<none>
Body:			<none>
HTTP/1.1 403 Forbidden
Date: Wed, 25 Mar 2026 15:25:45 GMT
Content-Type: text/html; charset=UTF-8
Transfer-Encoding: chunked
Connection: close
Accept-Ch: Sec-CH-UA-Bitness, Sec-CH-UA-Arch, Sec-CH-UA-Full-Version, Sec-CH-UA-Mobile, Sec-CH-UA-Model, Sec-CH-UA-Platform-Version, Sec-CH-UA-Full-Version-List, Sec-CH-UA-Platform, Sec-CH-UA, UA-Bitness, UA-Arch, UA-Full-Version, UA-Mobile, UA-Model, UA-Platform-Version, UA-Platform, UA
Cf-Mitigated: challenge
Critical-Ch: Sec-CH-UA-Bitness, Sec-CH-UA-Arch, Sec-CH-UA-Full-Version, Sec-CH-UA-Mobile, Sec-CH-UA-Model, Sec-CH-UA-Platform-Version, Sec-CH-UA-Full-Version-List, Sec-CH-UA-Platform, Sec-CH-UA, UA-Bitness, UA-Arch, UA-Full-Version, UA-Mobile, UA-Model, UA-Platform-Version, UA-Platform, UA
Cross-Origin-Embedder-Policy: require-corp
Cross-Origin-Opener-Policy: same-origin
Cross-Origin-Resource-Policy: same-origin
Origin-Agent-Cluster: ?1
Permissions-Policy: accelerometer=(),browsing-topics=(),camera=(),clipboard-read=(),clipboard-write=(),geolocation=(),gyroscope=(),hid=(),interest-cohort=(),magnetometer=(),microphone=(),payment=(),publickey-credentials-get=(),screen-wake-lock=(),serial=(),sync-xhr=(),usb=()
Referrer-Policy: same-origin
Server-Timing: chlray;desc="9e1eee158f26a742"
X-Content-Type-Options: nosniff
X-Frame-Options: SAMEORIGIN
Report-To: {"group":"cf-nel","max_age":604800,"endpoints":[{"url":"https://a.nel.cloudflare.com/report/v4?s=WOC1Vt63xsdreia9R7LwVK8a%2FjBdIJsGXYxeQtX8nFzBTUDN%2FvpZoEz%2BfYek7PNqKguKLnLND0f%2BVRnaPOrAtgYzpCZHcNgl"}]}
Nel: {"report_to":"cf-nel","success_fraction":0.0,"max_age":604800}
Content-Encoding: gzip
Server: cloudflare
CF-RAY: 9e1eee158f26a742-SIN

<html lang="en-US">
  <head>
    <title>Just a moment...</title>
    <meta http-equiv="Content-Type" content="text/html; charset=UTF-8"/>
    <meta http-equiv="X-UA-Compatible" content="IE=Edge"/>
    <meta name="robots" content="noindex,nofollow"/>
    <meta name="viewport" content="width=device-width,initial-scale=1"/>
    <style>*{box-sizing:border-box;margin:0;padding:0}html{line-height:1.15;-webkit-text-size-adjust:100%;color:#313131;font-family:system-ui,-apple-system,BlinkMacSystemFont,"Segoe UI",Roboto,"Helvetica Neue",Arial,"Noto Sans",sans-serif,"Apple Color Emoji","Segoe UI Emoji","Segoe UI Symbol","Noto Color Emoji"}body{display:flex;flex-direction:column;height:100vh;min-height:100vh}.main-content{margin:8rem auto;padding-left:1.5rem;max-width:60rem}@media (width &lt;= 720px){.main-content{margin-top:4rem}}#challenge-error-text{background-image:url("data:image/svg+xml;base64,PHN2ZyB4bWxucz0iaHR0cDovL3d3dy53My5vcmcvMjAwMC9zdmciIHdpZHRoPSIzMiIgaGVpZ2h0PSIzMiIgZmlsbD0ibm9uZSI+PHBhdGggZmlsbD0iI0IyMEYwMyIgZD0iTTE2IDNhMTMgMTMgMCAxIDAgMTMgMTNBMTMuMDE1IDEzLjAxNSAwIDAgMCAxNiAzbTAgMjRhMTEgMTEgMCAxIDEgMTEtMTEgMTEuMDEgMTEuMDEgMCAwIDEtMTEgMTEiLz48cGF0aCBmaWxsPSIjQjIwRjAzIiBkPSJNMTcuMDM4IDE4LjYxNUgxNC44N0wxNC41NjMgOS41aDIuNzgzem0tMS4wODQgMS40MjdxLjY2IDAgMS4wNTcuMzg4LjQwNy4zODkuNDA3Ljk5NCAwIC41OTYtLjQwNy45ODQtLjM5Ny4zOS0xLjA1Ny4zODktLjY1IDAtMS4wNTYtLjM4OS0uMzk4LS4zODktLjM5OC0uOTg0IDAtLjU5Ny4zOTgtLjk4NS40MDYtLjM5NyAxLjA1Ni0uMzk3Ii8+PC9zdmc+");background-repeat:no-repeat;background-size:contain;padding-left:34px}</style>
    <meta http-equiv="refresh" content="360"/>
  </head>
  <body>
    <div class="main-wrapper" role="main">
      <div class="main-content">
        <noscript>
          <div class="h2">
            <span id="challenge-error-text">Enable JavaScript and cookies to continue</span>
          </div>
        </noscript>
      </div>
    </div>
    <script>(function(){window._cf_chl_opt = {cvId: '3',cZone: 'reqres.in',cType: 'managed',cRay: '9e1eee158f26a742',cH: 'FLhkAQi49PLRfXyMTEh7.PtWwjMe8QY24h5M8mG.kj0-1774452345-1.2.1.1-AovpDEiNRYYIZ0zxcXCgUM76nJH56NMSVk.MVyYqFzlI_71ru0OerpAdH1hWuSDi',cUPMDTk:"/api/users/3?__cf_chl_tk=F.HWltND.T0n07Lmh1CUYxtYxGfkYh85WbxWCQL6w_w-1774452345-1.0.1.1-Js4bPiFE.svA8m_0b8gZLHbPraE0MCp6YIp6fUOdhrI",cFPWv: 'g',cITimeS: '1774452345',cTplC:0,cTplO:0,cTplV:5,cTplB: '0',fa:"/api/users/3?__cf_chl_f_tk=F.HWltND.T0n07Lmh1CUYxtYxGfkYh85WbxWCQL6w_w-1774452345-1.0.1.1-Js4bPiFE.svA8m_0b8gZLHbPraE0MCp6YIp6fUOdhrI",md: '3kiHyr8.Ji5aAmNUFS6rolagdKqLAega1umhKw17Ppw-1774452345-1.2.1.1-Ze0QWJ5mAjYX85melPpRB_GFBfp7OsM1JMaV58wQTtPoOQtr4hX8VTof0bEZENsb6HbElIhOITC3QvgpMotfE5oFRyaLD1DdAxKnZcEUSimFOqs620USo1VwQD0Sr9TZmJ7JOhMWlD0nMwbwwtIoyN9U2Vegkz55bwJEG5HLX8w_xtGDCx_PvgUlqoC.Yxa.r5MckYAiN7ufv0nSdRZyuS0qjhEa4dLwNoorP3udo38jufyKCKQU13nvv6LhODnjcRcOYPwkaw71iaYjVmtyfaNQx0ThRIRcV0_yn49K_TmyKYGMuJrBpqGBm6iX.ZX0EpWbzKHtjvlhSNcfSRoiHBgnW3uA64MX0PCrmRcuafeddT2MLJv7GieEm1CbV1XjXqoD1CDRnep7SFL.iiKl1l7X5iuMrHTxUO4P9fQNbm90qZSqOJSipBcUY52BU0WaOVOdkBK28A3ePwzPA6JlwlU.Mrsn3kM3eyBEE6iySYDv4wEHkxG_tigt_c_UVjYriLjnoE1OeZFvd2rKFcXc4gzH1NEUCKzEqnBa9JF3..giKkyrykHw8ynGS80rP.Da8.2GVaEjZGw1fNT9rt8mXquFap_QnsP9RbBuHQAgoCmhEJbBJka_sOYdOL0gyNjAI4QNj6oBlxCCWHm.YDovMgPBV52gAcqugQ0jNaf9AMpqMzHxnvi2CgBzWzicT6HghGo29FV1mnARuTgGl6g8iMecTox.i0i0D9SAXdO_E9zjhdE5yhKFeM6m4FsWZdWWCYCwcWIZ_r2e7CZ3NICIOKy.YAF9.Xhh.l_b_3QQCm9jZYn2kt4sC8WT.6cow3FmAOesKaw5eENVPIiQ9hJuWPjFKO4sR1eFm8e0BqVP2pZMUn7DT6c3iQDPyYvCh13yVQDaNxlEpy6AnZ_idA0bzTk4FUN0WaqF2AnrlcHDCuU',mdrd: 'KWQttlWjvT3iK6N6U1dcXPIOgd7mqI8p.9CnYLnh9zQ-1774452345-1.2.1.1-nrwLZNw9.CgY8EuYXoyRnRixdfdO07eNEEQjQUEk3m.8w.4BbMqyqnSILcm27gkCY7WQSFvw8kIxgz7EtztjKvUXxYVwd.WHZlFn9jXqe56L05gimmLRMzNr348Mq2EB1D_kcMYNRls1hMr6EmTx60nbE4e0pvwLGZagWetEJojxsvHBC3gZK87Y2TmBmUfN2N0hTZsOkWRy7fVzjUVkTJ0erh2z9fgLNXIFqhqF5wfxQ7HXheu7qIuOY0xQ3wKfhcUYVqOQVYKCCmKb5XMxKoaCO1JdhYChP3HcCeJicsW7fxnNYQSDOHXPORcJElcaqs5nsS3vwKYs6MLO3Tn.IdrD1m93QEX5joyUJgEfK8U',};var a = document.createElement('script');a.src = '/cdn-cgi/challenge-platform/h/g/orchestrate/chl_page/v1?ray=9e1eee158f26a742';window._cf_chl_opt.cOgUHash = location.hash === '' &amp;&amp; location.href.indexOf('#') !== -1 ? '#' : location.hash;window._cf_chl_opt.cOgUQuery = location.search === '' &amp;&amp; location.href.slice(0, location.href.length - window._cf_chl_opt.cOgUHash.length).indexOf('?') !== -1 ? '?' : location.search;if (window.history &amp;&amp; window.history.replaceState) {var ogU = location.pathname + window._cf_chl_opt.cOgUQuery + window._cf_chl_opt.cOgUHash;history.replaceState(null, null,"/api/users/3?__cf_chl_rt_tk=F.HWltND.T0n07Lmh1CUYxtYxGfkYh85WbxWCQL6w_w-1774452345-1.0.1.1-Js4bPiFE.svA8m_0b8gZLHbPraE0MCp6YIp6fUOdhrI"+ window._cf_chl_opt.cOgUHash);a.onload = function() {history.replaceState(null, null, ogU);}}document.getElementsByTagName('head')[0].appendChild(a);}());</script>
  </body>
</html>
]]></system-out>
  </testcase>
  <testcase name="testGetUsersPage1" classname="com.apitesting.tests.lab1.GetRequestTest" time="0.422">
    <failure message="1 expectation failed.&#10;Expected content-type &quot;JSON&quot; doesn&apos;t match actual content-type &quot;text/html; charset=UTF-8&quot;.&#10;" type="java.lang.AssertionError"><![CDATA[java.lang.AssertionError: 
1 expectation failed.
Expected content-type "JSON" doesn't match actual content-type "text/html; charset=UTF-8".

	at java.base/jdk.internal.reflect.DirectConstructorHandleAccessor.newInstance(DirectConstructorHandleAccessor.java:62)
	at java.base/java.lang.reflect.Constructor.newInstanceWithCaller(Constructor.java:502)
	at java.base/java.lang.reflect.Constructor.newInstance(Constructor.java:486)
	at org.codehaus.groovy.reflection.CachedConstructor.invoke(CachedConstructor.java:73)
	at org.codehaus.groovy.runtime.callsite.ConstructorSite$ConstructorSiteNoUnwrapNoCoerce.callConstructor(ConstructorSite.java:108)
	at org.codehaus.groovy.runtime.callsite.AbstractCallSite.callConstructor(AbstractCallSite.java:277)
	at io.restassured.internal.ResponseSpecificationImpl$HamcrestAssertionClosure.validate(ResponseSpecificationImpl.groovy:512)
	at io.restassured.internal.ResponseSpecificationImpl$HamcrestAssertionClosure$validate$1.call(Unknown Source)
	at io.restassured.internal.ResponseSpecificationImpl.validate(ResponseSpecificationImpl.groovy:101)
	at io.restassured.internal.ValidatableResponseOptionsImpl.spec(ValidatableResponseOptionsImpl.java:288)
	at com.apitesting.tests.lab1.GetRequestTest.testGetUsersPage1(GetRequestTest.java:32)
	at java.base/jdk.internal.reflect.DirectMethodHandleAccessor.invoke(DirectMethodHandleAccessor.java:103)
	at java.base/java.lang.reflect.Method.invoke(Method.java:580)
	at org.testng.internal.invokers.MethodInvocationHelper.invokeMethod(MethodInvocationHelper.java:139)
	at org.testng.internal.invokers.TestInvoker.invokeMethod(TestInvoker.java:664)
	at org.testng.internal.invokers.TestInvoker.invokeTestMethod(TestInvoker.java:228)
	at org.testng.internal.invokers.MethodRunner.runInSequence(MethodRunner.java:63)
	at org.testng.internal.invokers.TestInvoker$MethodInvocationAgent.invoke(TestInvoker.java:961)
	at org.testng.internal.invokers.TestInvoker.invokeTestMethods(TestInvoker.java:201)
	at org.testng.internal.invokers.TestMethodWorker.invokeTestMethods(TestMethodWorker.java:148)
	at org.testng.internal.invokers.TestMethodWorker.run(TestMethodWorker.java:128)
	at java.base/java.util.ArrayList.forEach(ArrayList.java:1596)
	at org.testng.TestRunner.privateRun(TestRunner.java:819)
	at org.testng.TestRunner.run(TestRunner.java:619)
	at org.testng.SuiteRunner.runTest(SuiteRunner.java:443)
	at org.testng.SuiteRunner.runSequentially(SuiteRunner.java:437)
	at org.testng.SuiteRunner.privateRun(SuiteRunner.java:397)
	at org.testng.SuiteRunner.run(SuiteRunner.java:336)
	at org.testng.SuiteRunnerWorker.runSuite(SuiteRunnerWorker.java:52)
	at org.testng.SuiteRunnerWorker.run(SuiteRunnerWorker.java:95)
	at org.testng.TestNG.runSuitesSequentially(TestNG.java:1301)
	at org.testng.TestNG.runSuitesLocally(TestNG.java:1228)
	at org.testng.TestNG.runSuites(TestNG.java:1134)
	at org.testng.TestNG.run(TestNG.java:1101)
	at org.apache.maven.surefire.testng.TestNGExecutor.run(TestNGExecutor.java:308)
	at org.apache.maven.surefire.testng.TestNGXmlTestSuite.execute(TestNGXmlTestSuite.java:71)
	at org.apache.maven.surefire.testng.TestNGProvider.invoke(TestNGProvider.java:113)
	at org.apache.maven.surefire.booter.ForkedBooter.runSuitesInProcess(ForkedBooter.java:385)
	at org.apache.maven.surefire.booter.ForkedBooter.execute(ForkedBooter.java:162)
	at org.apache.maven.surefire.booter.ForkedBooter.run(ForkedBooter.java:507)
	at org.apache.maven.surefire.booter.ForkedBooter.main(ForkedBooter.java:495)
]]></failure>
    <system-out><![CDATA[Request method:	GET
Request URI:	https://reqres.in/api/users?page=1
Proxy:			<none>
Request params:	<none>
Query params:	page=1
Form params:	<none>
Path params:	<none>
Headers:		Accept=application/json
				Content-Type=application/json
Cookies:		<none>
Multiparts:		<none>
Body:			<none>
HTTP/1.1 403 Forbidden
Date: Wed, 25 Mar 2026 15:25:45 GMT
Content-Type: text/html; charset=UTF-8
Transfer-Encoding: chunked
Connection: close
Accept-Ch: Sec-CH-UA-Bitness, Sec-CH-UA-Arch, Sec-CH-UA-Full-Version, Sec-CH-UA-Mobile, Sec-CH-UA-Model, Sec-CH-UA-Platform-Version, Sec-CH-UA-Full-Version-List, Sec-CH-UA-Platform, Sec-CH-UA, UA-Bitness, UA-Arch, UA-Full-Version, UA-Mobile, UA-Model, UA-Platform-Version, UA-Platform, UA
Cf-Mitigated: challenge
Critical-Ch: Sec-CH-UA-Bitness, Sec-CH-UA-Arch, Sec-CH-UA-Full-Version, Sec-CH-UA-Mobile, Sec-CH-UA-Model, Sec-CH-UA-Platform-Version, Sec-CH-UA-Full-Version-List, Sec-CH-UA-Platform, Sec-CH-UA, UA-Bitness, UA-Arch, UA-Full-Version, UA-Mobile, UA-Model, UA-Platform-Version, UA-Platform, UA
Cross-Origin-Embedder-Policy: require-corp
Cross-Origin-Opener-Policy: same-origin
Cross-Origin-Resource-Policy: same-origin
Origin-Agent-Cluster: ?1
Permissions-Policy: accelerometer=(),browsing-topics=(),camera=(),clipboard-read=(),clipboard-write=(),geolocation=(),gyroscope=(),hid=(),interest-cohort=(),magnetometer=(),microphone=(),payment=(),publickey-credentials-get=(),screen-wake-lock=(),serial=(),sync-xhr=(),usb=()
Referrer-Policy: same-origin
Server-Timing: chlray;desc="9e1eee17feddf87b"
X-Content-Type-Options: nosniff
X-Frame-Options: SAMEORIGIN
Report-To: {"group":"cf-nel","max_age":604800,"endpoints":[{"url":"https://a.nel.cloudflare.com/report/v4?s=VWJ390rptivPqdQ%2B%2BDZX%2FbcpjHmEzu3BOHux2k7NXIwiMv8oNUxXEgwkyajGy7nmDvs09NlX6HWQJO6TnZmbX4WCoE3Cinmp"}]}
Nel: {"report_to":"cf-nel","success_fraction":0.0,"max_age":604800}
Content-Encoding: gzip
Server: cloudflare
CF-RAY: 9e1eee17feddf87b-SIN

<html lang="en-US">
  <head>
    <title>Just a moment...</title>
    <meta http-equiv="Content-Type" content="text/html; charset=UTF-8"/>
    <meta http-equiv="X-UA-Compatible" content="IE=Edge"/>
    <meta name="robots" content="noindex,nofollow"/>
    <meta name="viewport" content="width=device-width,initial-scale=1"/>
    <style>*{box-sizing:border-box;margin:0;padding:0}html{line-height:1.15;-webkit-text-size-adjust:100%;color:#313131;font-family:system-ui,-apple-system,BlinkMacSystemFont,"Segoe UI",Roboto,"Helvetica Neue",Arial,"Noto Sans",sans-serif,"Apple Color Emoji","Segoe UI Emoji","Segoe UI Symbol","Noto Color Emoji"}body{display:flex;flex-direction:column;height:100vh;min-height:100vh}.main-content{margin:8rem auto;padding-left:1.5rem;max-width:60rem}@media (width &lt;= 720px){.main-content{margin-top:4rem}}#challenge-error-text{background-image:url("data:image/svg+xml;base64,PHN2ZyB4bWxucz0iaHR0cDovL3d3dy53My5vcmcvMjAwMC9zdmciIHdpZHRoPSIzMiIgaGVpZ2h0PSIzMiIgZmlsbD0ibm9uZSI+PHBhdGggZmlsbD0iI0IyMEYwMyIgZD0iTTE2IDNhMTMgMTMgMCAxIDAgMTMgMTNBMTMuMDE1IDEzLjAxNSAwIDAgMCAxNiAzbTAgMjRhMTEgMTEgMCAxIDEgMTEtMTEgMTEuMDEgMTEuMDEgMCAwIDEtMTEgMTEiLz48cGF0aCBmaWxsPSIjQjIwRjAzIiBkPSJNMTcuMDM4IDE4LjYxNUgxNC44N0wxNC41NjMgOS41aDIuNzgzem0tMS4wODQgMS40MjdxLjY2IDAgMS4wNTcuMzg4LjQwNy4zODkuNDA3Ljk5NCAwIC41OTYtLjQwNy45ODQtLjM5Ny4zOS0xLjA1Ny4zODktLjY1IDAtMS4wNTYtLjM4OS0uMzk4LS4zODktLjM5OC0uOTg0IDAtLjU5Ny4zOTgtLjk4NS40MDYtLjM5NyAxLjA1Ni0uMzk3Ii8+PC9zdmc+");background-repeat:no-repeat;background-size:contain;padding-left:34px}</style>
    <meta http-equiv="refresh" content="360"/>
  </head>
  <body>
    <div class="main-wrapper" role="main">
      <div class="main-content">
        <noscript>
          <div class="h2">
            <span id="challenge-error-text">Enable JavaScript and cookies to continue</span>
          </div>
        </noscript>
      </div>
    </div>
    <script>(function(){window._cf_chl_opt = {cvId: '3',cZone: 'reqres.in',cType: 'managed',cRay: '9e1eee17feddf87b',cH: 'ddu5KF7InMRoEKMK3eBAojLsGqH65BcFWenB0T54pyk-1774452345-1.2.1.1-zXLVhjI9vosSsr77VQES6jlscBhRUtaoN2.5FUClXW9YWeGzYPiRi11p_76r5zRz',cUPMDTk:"/api/users?page=1&amp;__cf_chl_tk=h_q9_AFTswshNfDpn_CBQUwiBS33PDpz1ZY6I7.prHQ-1774452345-1.0.1.1-sN5Dw5zJGaJiUP.WPrAAsPVT7wcgbexaJMkTmiaLmbc",cFPWv: 'g',cITimeS: '1774452345',cTplC:0,cTplO:0,cTplV:5,cTplB: '0',fa:"/api/users?page=1&amp;__cf_chl_f_tk=h_q9_AFTswshNfDpn_CBQUwiBS33PDpz1ZY6I7.prHQ-1774452345-1.0.1.1-sN5Dw5zJGaJiUP.WPrAAsPVT7wcgbexaJMkTmiaLmbc",md: 'TF_d.RuIVW_FBksXZdEBoz7o9_FdsNver5JKhhx1mJY-1774452345-1.2.1.1-1dPUwJobyCwVQte9uo.pBR3KvkQ.tzzg_YedxmYRdrL7xV9aqQ4uO94FU7JsGc6ocJ6KVqVGI1netq7sdTstrXSTl8aRKq.BVJ4IyzQAwi5PLVLylJgaTQBqULfBp8YK_cRVihSjBCvjxsXcoZvSa0SkyFNYjxBJfYlyF2XRUve48rGfOp99UqVVmWuBisqS7QVLpjb11cgVEdXj1znPY3dD7HONh8GMP9Q4X7WBMvmhjkgSZg1o7mFuI._vmqHoOh6Q.r5.ou0AM6bL.aa.u.9Wj3_IOBdI3OHccIukDAGo6dSVlCiPXQGXU_pH29wo077BMNaCfo1YTVHF1P2A4GZT8zK_xZ5hcxUc44SsBFAQI5VnuvYqt_ChVULsgBWex3tDM3ZEnk6L0i1GBAtJAtvDXtJl5uWVVUYZMRq2I2kzyF44SEUf7pVngZD_S.eK4Z4T_V_9Lb6OMxtsz6xCG5igQ7CFpxvtQY0Ib87V_liYfLsl0NV1d7EeTWp14gJYpd92o0e_66hYdgIZ8yCjQCjNTEaeaHIVYtGbO0XmyV7KOgXEPhB_e8zd2BjvtR1fAJG2Wg8ofij75xeNYn._iCGa3Vc6Urto8GhIqe43bLS.iYBeZWhumh1wd3zSR6yoOwWF5hyu_tuEaMsZ2hU_4bv46FxYhGu901HVvV3sYhkw8.F6IDj4oGMl.ApG8yaKXkJoRoiOI1m1r4AeoEYikapjqK6Jp9bnXil4.EMnUmoSTGO_WO76tzr1JthjxaLKrTtlefnOlDdPHckNR3LmPNSR0quzd9odEyhcxvQF3t3aI3LMjgJIKgDjQ5rimg9INoDEwvq3lUFXkAmQT5IBzWACIhCZiDAI5B8ejodaBh1D_zWf8cDJj4QSxj9u7_UjWGKxTbSR5vMx8Wri8Iz3mjDBf1mNPttrInfe_s_gy_AZSk.c1MXZgIeZ2CKhdyew',mdrd: 'U_oA7hf8dMOR715Yxw1sG3xm6ApkuqexUJC9jl6UZ8I-1774452345-1.2.1.1-o306kERoIZHevoa0F9GxtRU5wOuvYftPUORaG83kLOyrCyBuY4o9i8QUGmtLAdJuoFszHQUfvyvmC8gllnBjD4T52A7AaKwSxg.udVbyudIviu75MoXtuErcvhbZudY2dGOybL3kaz.A8SCs0aMvZ8nvFL7fse2R1Xi800.S2TA1crUf1dKyZ8o4JxmH.dxR9yWU3wXog6.HdwTfeNQ5.q3U0kNjAVPtXrVsSEqOTaWM4uakpuTDwwiGBxtoXtqtklink_3nr1l.2_680ZKHokv_5DILyXHymNcew3bzAjQ8VsuzGvfdQ.8fjDglsePqtGOFCs0p9b2ygI9Ma85wKuStwWEFZ9m2mElW._UBIv0',};var a = document.createElement('script');a.src = '/cdn-cgi/challenge-platform/h/g/orchestrate/chl_page/v1?ray=9e1eee17feddf87b';window._cf_chl_opt.cOgUHash = location.hash === '' &amp;&amp; location.href.indexOf('#') !== -1 ? '#' : location.hash;window._cf_chl_opt.cOgUQuery = location.search === '' &amp;&amp; location.href.slice(0, location.href.length - window._cf_chl_opt.cOgUHash.length).indexOf('?') !== -1 ? '?' : location.search;if (window.history &amp;&amp; window.history.replaceState) {var ogU = location.pathname + window._cf_chl_opt.cOgUQuery + window._cf_chl_opt.cOgUHash;history.replaceState(null, null,"/api/users?page=1&amp;__cf_chl_rt_tk=h_q9_AFTswshNfDpn_CBQUwiBS33PDpz1ZY6I7.prHQ-1774452345-1.0.1.1-sN5Dw5zJGaJiUP.WPrAAsPVT7wcgbexaJMkTmiaLmbc"+ window._cf_chl_opt.cOgUHash);a.onload = function() {history.replaceState(null, null, ogU);}}document.getElementsByTagName('head')[0].appendChild(a);}());</script>
  </body>
</html>
]]></system-out>
  </testcase>
  <testcase name="testGetUsersPage2" classname="com.apitesting.tests.lab1.GetRequestTest" time="0.63">
    <failure message="1 expectation failed.&#10;Expected content-type &quot;JSON&quot; doesn&apos;t match actual content-type &quot;text/html; charset=UTF-8&quot;.&#10;" type="java.lang.AssertionError"><![CDATA[java.lang.AssertionError: 
1 expectation failed.
Expected content-type "JSON" doesn't match actual content-type "text/html; charset=UTF-8".

	at java.base/jdk.internal.reflect.DirectConstructorHandleAccessor.newInstance(DirectConstructorHandleAccessor.java:62)
	at java.base/java.lang.reflect.Constructor.newInstanceWithCaller(Constructor.java:502)
	at java.base/java.lang.reflect.Constructor.newInstance(Constructor.java:486)
	at org.codehaus.groovy.reflection.CachedConstructor.invoke(CachedConstructor.java:73)
	at org.codehaus.groovy.runtime.callsite.ConstructorSite$ConstructorSiteNoUnwrapNoCoerce.callConstructor(ConstructorSite.java:108)
	at org.codehaus.groovy.runtime.callsite.AbstractCallSite.callConstructor(AbstractCallSite.java:277)
	at io.restassured.internal.ResponseSpecificationImpl$HamcrestAssertionClosure.validate(ResponseSpecificationImpl.groovy:512)
	at io.restassured.internal.ResponseSpecificationImpl$HamcrestAssertionClosure$validate$1.call(Unknown Source)
	at io.restassured.internal.ResponseSpecificationImpl.validate(ResponseSpecificationImpl.groovy:101)
	at io.restassured.internal.ValidatableResponseOptionsImpl.spec(ValidatableResponseOptionsImpl.java:288)
	at com.apitesting.tests.lab1.GetRequestTest.testGetUsersPage2(GetRequestTest.java:47)
	at java.base/jdk.internal.reflect.DirectMethodHandleAccessor.invoke(DirectMethodHandleAccessor.java:103)
	at java.base/java.lang.reflect.Method.invoke(Method.java:580)
	at org.testng.internal.invokers.MethodInvocationHelper.invokeMethod(MethodInvocationHelper.java:139)
	at org.testng.internal.invokers.TestInvoker.invokeMethod(TestInvoker.java:664)
	at org.testng.internal.invokers.TestInvoker.invokeTestMethod(TestInvoker.java:228)
	at org.testng.internal.invokers.MethodRunner.runInSequence(MethodRunner.java:63)
	at org.testng.internal.invokers.TestInvoker$MethodInvocationAgent.invoke(TestInvoker.java:961)
	at org.testng.internal.invokers.TestInvoker.invokeTestMethods(TestInvoker.java:201)
	at org.testng.internal.invokers.TestMethodWorker.invokeTestMethods(TestMethodWorker.java:148)
	at org.testng.internal.invokers.TestMethodWorker.run(TestMethodWorker.java:128)
	at java.base/java.util.ArrayList.forEach(ArrayList.java:1596)
	at org.testng.TestRunner.privateRun(TestRunner.java:819)
	at org.testng.TestRunner.run(TestRunner.java:619)
	at org.testng.SuiteRunner.runTest(SuiteRunner.java:443)
	at org.testng.SuiteRunner.runSequentially(SuiteRunner.java:437)
	at org.testng.SuiteRunner.privateRun(SuiteRunner.java:397)
	at org.testng.SuiteRunner.run(SuiteRunner.java:336)
	at org.testng.SuiteRunnerWorker.runSuite(SuiteRunnerWorker.java:52)
	at org.testng.SuiteRunnerWorker.run(SuiteRunnerWorker.java:95)
	at org.testng.TestNG.runSuitesSequentially(TestNG.java:1301)
	at org.testng.TestNG.runSuitesLocally(TestNG.java:1228)
	at org.testng.TestNG.runSuites(TestNG.java:1134)
	at org.testng.TestNG.run(TestNG.java:1101)
	at org.apache.maven.surefire.testng.TestNGExecutor.run(TestNGExecutor.java:308)
	at org.apache.maven.surefire.testng.TestNGXmlTestSuite.execute(TestNGXmlTestSuite.java:71)
	at org.apache.maven.surefire.testng.TestNGProvider.invoke(TestNGProvider.java:113)
	at org.apache.maven.surefire.booter.ForkedBooter.runSuitesInProcess(ForkedBooter.java:385)
	at org.apache.maven.surefire.booter.ForkedBooter.execute(ForkedBooter.java:162)
	at org.apache.maven.surefire.booter.ForkedBooter.run(ForkedBooter.java:507)
	at org.apache.maven.surefire.booter.ForkedBooter.main(ForkedBooter.java:495)
]]></failure>
    <system-out><![CDATA[Request method:	GET
Request URI:	https://reqres.in/api/users?page=2
Proxy:			<none>
Request params:	<none>
Query params:	page=2
Form params:	<none>
Path params:	<none>
Headers:		Accept=application/json
				Content-Type=application/json
Cookies:		<none>
Multiparts:		<none>
Body:			<none>
HTTP/1.1 403 Forbidden
Date: Wed, 25 Mar 2026 15:25:46 GMT
Content-Type: text/html; charset=UTF-8
Transfer-Encoding: chunked
Connection: close
Accept-Ch: Sec-CH-UA-Bitness, Sec-CH-UA-Arch, Sec-CH-UA-Full-Version, Sec-CH-UA-Mobile, Sec-CH-UA-Model, Sec-CH-UA-Platform-Version, Sec-CH-UA-Full-Version-List, Sec-CH-UA-Platform, Sec-CH-UA, UA-Bitness, UA-Arch, UA-Full-Version, UA-Mobile, UA-Model, UA-Platform-Version, UA-Platform, UA
Cf-Mitigated: challenge
Critical-Ch: Sec-CH-UA-Bitness, Sec-CH-UA-Arch, Sec-CH-UA-Full-Version, Sec-CH-UA-Mobile, Sec-CH-UA-Model, Sec-CH-UA-Platform-Version, Sec-CH-UA-Full-Version-List, Sec-CH-UA-Platform, Sec-CH-UA, UA-Bitness, UA-Arch, UA-Full-Version, UA-Mobile, UA-Model, UA-Platform-Version, UA-Platform, UA
Cross-Origin-Embedder-Policy: require-corp
Cross-Origin-Opener-Policy: same-origin
Cross-Origin-Resource-Policy: same-origin
Origin-Agent-Cluster: ?1
Permissions-Policy: accelerometer=(),browsing-topics=(),camera=(),clipboard-read=(),clipboard-write=(),geolocation=(),gyroscope=(),hid=(),interest-cohort=(),magnetometer=(),microphone=(),payment=(),publickey-credentials-get=(),screen-wake-lock=(),serial=(),sync-xhr=(),usb=()
Referrer-Policy: same-origin
Server-Timing: chlray;desc="9e1eee1b39c8d8e3"
X-Content-Type-Options: nosniff
X-Frame-Options: SAMEORIGIN
Report-To: {"group":"cf-nel","max_age":604800,"endpoints":[{"url":"https://a.nel.cloudflare.com/report/v4?s=ivNJG7715pAWJowP11TGZh2zJYriYutPCrdUKjjlLfO3buYdBajobh3gm5Aa%2FqB5DEDYPBC%2BVLLTw0NumEe41LtjZwBgs0KikzuRWZ8asQds3zk8J0d%2F1HBaCQ%3D%3D"}]}
Nel: {"report_to":"cf-nel","success_fraction":0.0,"max_age":604800}
Content-Encoding: gzip
Server: cloudflare
CF-RAY: 9e1eee1b39c8d8e3-SIN

<html lang="en-US">
  <head>
    <title>Just a moment...</title>
    <meta http-equiv="Content-Type" content="text/html; charset=UTF-8"/>
    <meta http-equiv="X-UA-Compatible" content="IE=Edge"/>
    <meta name="robots" content="noindex,nofollow"/>
    <meta name="viewport" content="width=device-width,initial-scale=1"/>
    <style>*{box-sizing:border-box;margin:0;padding:0}html{line-height:1.15;-webkit-text-size-adjust:100%;color:#313131;font-family:system-ui,-apple-system,BlinkMacSystemFont,"Segoe UI",Roboto,"Helvetica Neue",Arial,"Noto Sans",sans-serif,"Apple Color Emoji","Segoe UI Emoji","Segoe UI Symbol","Noto Color Emoji"}body{display:flex;flex-direction:column;height:100vh;min-height:100vh}.main-content{margin:8rem auto;padding-left:1.5rem;max-width:60rem}@media (width &lt;= 720px){.main-content{margin-top:4rem}}#challenge-error-text{background-image:url("data:image/svg+xml;base64,PHN2ZyB4bWxucz0iaHR0cDovL3d3dy53My5vcmcvMjAwMC9zdmciIHdpZHRoPSIzMiIgaGVpZ2h0PSIzMiIgZmlsbD0ibm9uZSI+PHBhdGggZmlsbD0iI0IyMEYwMyIgZD0iTTE2IDNhMTMgMTMgMCAxIDAgMTMgMTNBMTMuMDE1IDEzLjAxNSAwIDAgMCAxNiAzbTAgMjRhMTEgMTEgMCAxIDEgMTEtMTEgMTEuMDEgMTEuMDEgMCAwIDEtMTEgMTEiLz48cGF0aCBmaWxsPSIjQjIwRjAzIiBkPSJNMTcuMDM4IDE4LjYxNUgxNC44N0wxNC41NjMgOS41aDIuNzgzem0tMS4wODQgMS40MjdxLjY2IDAgMS4wNTcuMzg4LjQwNy4zODkuNDA3Ljk5NCAwIC41OTYtLjQwNy45ODQtLjM5Ny4zOS0xLjA1Ny4zODktLjY1IDAtMS4wNTYtLjM4OS0uMzk4LS4zODktLjM5OC0uOTg0IDAtLjU5Ny4zOTgtLjk4NS40MDYtLjM5NyAxLjA1Ni0uMzk3Ii8+PC9zdmc+");background-repeat:no-repeat;background-size:contain;padding-left:34px}</style>
    <meta http-equiv="refresh" content="360"/>
  </head>
  <body>
    <div class="main-wrapper" role="main">
      <div class="main-content">
        <noscript>
          <div class="h2">
            <span id="challenge-error-text">Enable JavaScript and cookies to continue</span>
          </div>
        </noscript>
      </div>
    </div>
    <script>(function(){window._cf_chl_opt = {cvId: '3',cZone: 'reqres.in',cType: 'managed',cRay: '9e1eee1b39c8d8e3',cH: '.L55TE8EeJn6NygdcT5LKyF28a2765BJTWU22oGKij0-1774452346-1.2.1.1-rGf98acXGrUMrbkXboot84mi4j5EpKMzhszPmYz4sT0gTTiUvL.xV.kqfuMSN3Pa',cUPMDTk:"/api/users?page=2&amp;__cf_chl_tk=WzfwEAFCL1mFoWCIekIg3VpDMKAIOUG2h52irshvB5M-1774452346-1.0.1.1-SzEUgAs90SUl7ecn_JiIbdjn8AzXLsVM_.pelmBOijI",cFPWv: 'g',cITimeS: '1774452346',cTplC:0,cTplO:0,cTplV:5,cTplB: '0',fa:"/api/users?page=2&amp;__cf_chl_f_tk=WzfwEAFCL1mFoWCIekIg3VpDMKAIOUG2h52irshvB5M-1774452346-1.0.1.1-SzEUgAs90SUl7ecn_JiIbdjn8AzXLsVM_.pelmBOijI",md: 'W39t_EeS2C4UPHs_R9VkV7_H5b1XYM1wiX6AV4vKobM-1774452346-1.2.1.1-xECqFEhBNfFKuXfByhXK04ystPEokw3iIZYeycN3q2TrhcSINnZSj8m6R0KtrBDAW0iaSefEH2DMgBFbpADK_UcZN8Wo5p5crLWws5XiV64on637NF9C1DBWqGWuNXqe6kKAniUQbKvPnzAXEveQVCPpaAhAlA7RLlNdks24jytXlOzIwczePy1qIwdc7mSME_mKvR8VVKcdXoxh0V6luEeNBba5n1PB4dvU6BbVYP8x78ZmqCMKEXffuT4vMJenbvxANZ.yCftJQyGB2or0zGCNnPfu4Tb1YOhk7isUsM0cX7gG2U5S_6RPLyjBBfFONW0aDgauZG6.b0QmA.99jyxEUKZznVY1V8.O1_bK35VYcALJZX8jrvXoKgRTTrDo4mahopUXJOpfg4ZbwM88qXc0FFnMnV_hvr3AGUnhXVk8jpDoeYG4hWDM0lZRe8bsBS.q95vJozSCg6XTX09zgjDeV1e8MDhKmPKQtk3MaWk5YP7lUnQEUHFgoyk1XcSvrWoygrWpm1fg9icBlIPGVBBSACM7pi8_GLMt06gMYY4Xb.f2YNe2E1x6PryiiW.3wbsL_rWATy0PrBGIP.2w_ztFLDDPrEx1_W8FWUJrCp2nWq6SZqefGJRcNWsi5KVpPie_v5_c5Z36lIn_QUvFKo8AEKb8tLvTzqkHBfyn0H2OkZpIFUD.H6QrrZzBoRzDupVCmTNbrf0OacFTx54JZ94RM8do5jlkvkRFeI3PPkHg1yFQPj6knw7aTDNRqx1_6Jddxo5H2xBsZ5mRDhABskhSIlwSJIPN0XrhgIaIM3aGsCLlpud2sA6T0di2bj9vlwims3VitH226.Kls627qz5R4XJ6uupnthP9OSyTqyEwgMAiIdjQML2EP5fOqXK_yXCJV62olORsXs3t.OGAJx8fXYwBfwi.1Mb3cfxG.wFbhj.mv6oeTdrow9BPuGTk',mdrd: 'w1X4Iy4f6fZ_3MfLLQv2TOyi_FWQ3pDN_3qKvPeigxU-1774452346-1.2.1.1-ij88IL_Gj_Y1XMOM3YMvRJ6KdmEhgPd3rLGe3jTpp.ImC8_2MgLtqSK9UKWZ6VIdtcTbHVlHf0stwy6mQkYsZ37S9WcPUqwSEl0hceuxhgjwSDnNYawLkQL51oLRQEVYl4SchLcKfzJ.NCJNCNmxU2nT6KINC0UpAR0CKqaj4IKt2lYFS1.18cjARpB2jeFqF9d4hsTyJGtJmH.h7acrSc6bXBtqta45j678.u0JpZps4OaVLgZ5nwpGfY0OVRfEoVbCl7mE3HKi0_iRFFPGiXs5wEGgWvzrz2WfVxhQ4CwFW.Njy3adtiadb7ZtcjFmisjTlj63406A9FOibQ4xXmfO2yZJypi8kNlelVzS9bo',};var a = document.createElement('script');a.src = '/cdn-cgi/challenge-platform/h/g/orchestrate/chl_page/v1?ray=9e1eee1b39c8d8e3';window._cf_chl_opt.cOgUHash = location.hash === '' &amp;&amp; location.href.indexOf('#') !== -1 ? '#' : location.hash;window._cf_chl_opt.cOgUQuery = location.search === '' &amp;&amp; location.href.slice(0, location.href.length - window._cf_chl_opt.cOgUHash.length).indexOf('?') !== -1 ? '?' : location.search;if (window.history &amp;&amp; window.history.replaceState) {var ogU = location.pathname + window._cf_chl_opt.cOgUQuery + window._cf_chl_opt.cOgUHash;history.replaceState(null, null,"/api/users?page=2&amp;__cf_chl_rt_tk=WzfwEAFCL1mFoWCIekIg3VpDMKAIOUG2h52irshvB5M-1774452346-1.0.1.1-SzEUgAs90SUl7ecn_JiIbdjn8AzXLsVM_.pelmBOijI"+ window._cf_chl_opt.cOgUHash);a.onload = function() {history.replaceState(null, null, ogU);}}document.getElementsByTagName('head')[0].appendChild(a);}());</script>
  </body>
</html>
]]></system-out>
  </testcase>
  <testcase name="testCreateThenGetUser" classname="com.apitesting.tests.lab2.CrudUserTest" time="0.939">
    <failure message="1 expectation failed.&#10;Expected content-type &quot;JSON&quot; doesn&apos;t match actual content-type &quot;text/html; charset=UTF-8&quot;.&#10;" type="java.lang.AssertionError"><![CDATA[java.lang.AssertionError: 
1 expectation failed.
Expected content-type "JSON" doesn't match actual content-type "text/html; charset=UTF-8".

	at java.base/jdk.internal.reflect.DirectConstructorHandleAccessor.newInstance(DirectConstructorHandleAccessor.java:62)
	at java.base/java.lang.reflect.Constructor.newInstanceWithCaller(Constructor.java:502)
	at java.base/java.lang.reflect.Constructor.newInstance(Constructor.java:486)
	at org.codehaus.groovy.reflection.CachedConstructor.invoke(CachedConstructor.java:73)
	at org.codehaus.groovy.runtime.callsite.ConstructorSite$ConstructorSiteNoUnwrapNoCoerce.callConstructor(ConstructorSite.java:108)
	at org.codehaus.groovy.runtime.callsite.AbstractCallSite.callConstructor(AbstractCallSite.java:277)
	at io.restassured.internal.ResponseSpecificationImpl$HamcrestAssertionClosure.validate(ResponseSpecificationImpl.groovy:512)
	at io.restassured.internal.ResponseSpecificationImpl$HamcrestAssertionClosure$validate$1.call(Unknown Source)
	at io.restassured.internal.ResponseSpecificationImpl.validate(ResponseSpecificationImpl.groovy:101)
	at io.restassured.internal.ValidatableResponseOptionsImpl.spec(ValidatableResponseOptionsImpl.java:288)
	at com.apitesting.tests.lab2.CrudUserTest.testCreateThenGetUser(CrudUserTest.java:89)
	at java.base/jdk.internal.reflect.DirectMethodHandleAccessor.invoke(DirectMethodHandleAccessor.java:103)
	at java.base/java.lang.reflect.Method.invoke(Method.java:580)
	at org.testng.internal.invokers.MethodInvocationHelper.invokeMethod(MethodInvocationHelper.java:139)
	at org.testng.internal.invokers.TestInvoker.invokeMethod(TestInvoker.java:664)
	at org.testng.internal.invokers.TestInvoker.invokeTestMethod(TestInvoker.java:228)
	at org.testng.internal.invokers.MethodRunner.runInSequence(MethodRunner.java:63)
	at org.testng.internal.invokers.TestInvoker$MethodInvocationAgent.invoke(TestInvoker.java:961)
	at org.testng.internal.invokers.TestInvoker.invokeTestMethods(TestInvoker.java:201)
	at org.testng.internal.invokers.TestMethodWorker.invokeTestMethods(TestMethodWorker.java:148)
	at org.testng.internal.invokers.TestMethodWorker.run(TestMethodWorker.java:128)
	at java.base/java.util.ArrayList.forEach(ArrayList.java:1596)
	at org.testng.TestRunner.privateRun(TestRunner.java:819)
	at org.testng.TestRunner.run(TestRunner.java:619)
	at org.testng.SuiteRunner.runTest(SuiteRunner.java:443)
	at org.testng.SuiteRunner.runSequentially(SuiteRunner.java:437)
	at org.testng.SuiteRunner.privateRun(SuiteRunner.java:397)
	at org.testng.SuiteRunner.run(SuiteRunner.java:336)
	at org.testng.SuiteRunnerWorker.runSuite(SuiteRunnerWorker.java:52)
	at org.testng.SuiteRunnerWorker.run(SuiteRunnerWorker.java:95)
	at org.testng.TestNG.runSuitesSequentially(TestNG.java:1301)
	at org.testng.TestNG.runSuitesLocally(TestNG.java:1228)
	at org.testng.TestNG.runSuites(TestNG.java:1134)
	at org.testng.TestNG.run(TestNG.java:1101)
	at org.apache.maven.surefire.testng.TestNGExecutor.run(TestNGExecutor.java:308)
	at org.apache.maven.surefire.testng.TestNGXmlTestSuite.execute(TestNGXmlTestSuite.java:71)
	at org.apache.maven.surefire.testng.TestNGProvider.invoke(TestNGProvider.java:113)
	at org.apache.maven.surefire.booter.ForkedBooter.runSuitesInProcess(ForkedBooter.java:385)
	at org.apache.maven.surefire.booter.ForkedBooter.execute(ForkedBooter.java:162)
	at org.apache.maven.surefire.booter.ForkedBooter.run(ForkedBooter.java:507)
	at org.apache.maven.surefire.booter.ForkedBooter.main(ForkedBooter.java:495)
]]></failure>
    <system-out><![CDATA[Request method:	POST
Request URI:	https://reqres.in/api/users
Proxy:			<none>
Request params:	<none>
Query params:	<none>
Form params:	<none>
Path params:	<none>
Headers:		Accept=application/json
				Content-Type=application/json
Cookies:		<none>
Multiparts:		<none>
Body:
{
    "name": "Le Van C",
    "job": "Tester"
}
HTTP/1.1 403 Forbidden
Date: Wed, 25 Mar 2026 15:25:47 GMT
Content-Type: text/html; charset=UTF-8
Transfer-Encoding: chunked
Connection: close
Accept-Ch: Sec-CH-UA-Bitness, Sec-CH-UA-Arch, Sec-CH-UA-Full-Version, Sec-CH-UA-Mobile, Sec-CH-UA-Model, Sec-CH-UA-Platform-Version, Sec-CH-UA-Full-Version-List, Sec-CH-UA-Platform, Sec-CH-UA, UA-Bitness, UA-Arch, UA-Full-Version, UA-Mobile, UA-Model, UA-Platform-Version, UA-Platform, UA
Cf-Mitigated: challenge
Critical-Ch: Sec-CH-UA-Bitness, Sec-CH-UA-Arch, Sec-CH-UA-Full-Version, Sec-CH-UA-Mobile, Sec-CH-UA-Model, Sec-CH-UA-Platform-Version, Sec-CH-UA-Full-Version-List, Sec-CH-UA-Platform, Sec-CH-UA, UA-Bitness, UA-Arch, UA-Full-Version, UA-Mobile, UA-Model, UA-Platform-Version, UA-Platform, UA
Cross-Origin-Embedder-Policy: require-corp
Cross-Origin-Opener-Policy: same-origin
Cross-Origin-Resource-Policy: same-origin
Origin-Agent-Cluster: ?1
Permissions-Policy: accelerometer=(),browsing-topics=(),camera=(),clipboard-read=(),clipboard-write=(),geolocation=(),gyroscope=(),hid=(),interest-cohort=(),magnetometer=(),microphone=(),payment=(),publickey-credentials-get=(),screen-wake-lock=(),serial=(),sync-xhr=(),usb=()
Referrer-Policy: same-origin
Server-Timing: chlray;desc="9e1eee21acb9ce06"
X-Content-Type-Options: nosniff
X-Frame-Options: SAMEORIGIN
Report-To: {"group":"cf-nel","max_age":604800,"endpoints":[{"url":"https://a.nel.cloudflare.com/report/v4?s=0E35qdFsiR0gJ8uZ%2BRLgvobap8wg5lRyfFhHTCs0Kg4klDgAVgeJtFoHonJ2nGQTR1SEp4R2LvsI8UG%2BSYL59cZga58yJ42I"}]}
Nel: {"report_to":"cf-nel","success_fraction":0.0,"max_age":604800}
Content-Encoding: gzip
Server: cloudflare
CF-RAY: 9e1eee21acb9ce06-SIN

<html lang="en-US">
  <head>
    <title>Just a moment...</title>
    <meta http-equiv="Content-Type" content="text/html; charset=UTF-8"/>
    <meta http-equiv="X-UA-Compatible" content="IE=Edge"/>
    <meta name="robots" content="noindex,nofollow"/>
    <meta name="viewport" content="width=device-width,initial-scale=1"/>
    <style>*{box-sizing:border-box;margin:0;padding:0}html{line-height:1.15;-webkit-text-size-adjust:100%;color:#313131;font-family:system-ui,-apple-system,BlinkMacSystemFont,"Segoe UI",Roboto,"Helvetica Neue",Arial,"Noto Sans",sans-serif,"Apple Color Emoji","Segoe UI Emoji","Segoe UI Symbol","Noto Color Emoji"}body{display:flex;flex-direction:column;height:100vh;min-height:100vh}.main-content{margin:8rem auto;padding-left:1.5rem;max-width:60rem}@media (width &lt;= 720px){.main-content{margin-top:4rem}}#challenge-error-text{background-image:url("data:image/svg+xml;base64,PHN2ZyB4bWxucz0iaHR0cDovL3d3dy53My5vcmcvMjAwMC9zdmciIHdpZHRoPSIzMiIgaGVpZ2h0PSIzMiIgZmlsbD0ibm9uZSI+PHBhdGggZmlsbD0iI0IyMEYwMyIgZD0iTTE2IDNhMTMgMTMgMCAxIDAgMTMgMTNBMTMuMDE1IDEzLjAxNSAwIDAgMCAxNiAzbTAgMjRhMTEgMTEgMCAxIDEgMTEtMTEgMTEuMDEgMTEuMDEgMCAwIDEtMTEgMTEiLz48cGF0aCBmaWxsPSIjQjIwRjAzIiBkPSJNMTcuMDM4IDE4LjYxNUgxNC44N0wxNC41NjMgOS41aDIuNzgzem0tMS4wODQgMS40MjdxLjY2IDAgMS4wNTcuMzg4LjQwNy4zODkuNDA3Ljk5NCAwIC41OTYtLjQwNy45ODQtLjM5Ny4zOS0xLjA1Ny4zODktLjY1IDAtMS4wNTYtLjM4OS0uMzk4LS4zODktLjM5OC0uOTg0IDAtLjU5Ny4zOTgtLjk4NS40MDYtLjM5NyAxLjA1Ni0uMzk3Ii8+PC9zdmc+");background-repeat:no-repeat;background-size:contain;padding-left:34px}</style>
    <meta http-equiv="refresh" content="360"/>
  </head>
  <body>
    <div class="main-wrapper" role="main">
      <div class="main-content">
        <noscript>
          <div class="h2">
            <span id="challenge-error-text">Enable JavaScript and cookies to continue</span>
          </div>
        </noscript>
      </div>
    </div>
    <script>(function(){window._cf_chl_opt = {cvId: '3',cZone: 'reqres.in',cType: 'managed',cRay: '9e1eee21acb9ce06',cH: 'lj4LvWuxeS8W6xUsBO7K6GjbXsWihbb.sGCiaNO4L_s-1774452347-1.2.1.1-pf7WDgzs0TQsKu7H62xpzCIIvs211bCddIOt7TQ3qc.QejWnQxUyb_6z0kpq3Lob',cUPMDTk:"/api/users?__cf_chl_tk=hqjQHzKjDLM05hrDIFdAczauOxjdnrgjNb9Gx22Lqik-1774452347-1.0.1.1-lvPu4cQY_4xWGvlwHilvVNgVt8vtpspFU.V3lTH_Hoc",cFPWv: 'g',cITimeS: '1774452347',cTplC:0,cTplO:0,cTplV:5,cTplB: '0',fa:"/api/users?__cf_chl_f_tk=hqjQHzKjDLM05hrDIFdAczauOxjdnrgjNb9Gx22Lqik-1774452347-1.0.1.1-lvPu4cQY_4xWGvlwHilvVNgVt8vtpspFU.V3lTH_Hoc",md: 'rmgdUioncz6WxrJvxqz6TCJtj.HC00.mhdBlgD8dsQ0-1774452347-1.2.1.1-d2Lha7T0y_DZEAn7_IuyxzX0jazb0OXrPShhlFMk6_u_HTFEv6p8cmoNbx.LjtW5BtgYProuDkAsmWSsg.CZCxG.YWU22kpYKKDVCQGdmjKCYptDWxzGE0CCIuNsKtZya4vs4UOP5BtkPRszAivds7.K7PGcEW4GBp6CvglczDZAZVuS8KRSfyX7jTHNwOyoNK1DFtTyoI4hXLlJzkt5AJpy2vKcQYXwYCIYZYKIWX0HT_6RHtsdw3IhceXK0ptDji3VWJGRhYy_ncFEdFYBJSvumqoN6EvOncjHijnI6xdLKKRUjJwcyBkYbig4AoXXdk93Ujc6PyyIuCxJfeaV0t90KcwwAI7ISz1v3amP1M2mfiozGJxy1XLXZOIUAW_U5xuljrmJkT.OlD6g_stn7pBD_dgSW.2alHNbJrHTnMlv6J_t6t2_gyRMKPVGLIoQtBJChzMKpOKZZcg6Jm_rjBYRefx2jlLf0ZK9XdAFo1VfSxb7QNXgIHAAte.TCPsp3JZJ.viAJHlInLfsXliQ5EnvzRAZiE1y1p7Av9FWeFaEquC4xGrJ3H8OLHqPKIyIlEGUmVJLjSzlwVvF4ciPkjBumNJ0b1yKdKsZ5F..Cy_CxyPYEuVJpc5MwfOOm9A6LiRNDBIm.GIaEYDQrJgOVUfYFiSQtDLrWLO4VjTY4vtTJMnJ3.CYvO3KHzyPPbayN5s9FDYKzySOFASd3CMy3efpaEEsBv3QiTONnbs5eC1RAGqFHKM2M67Ebp3B3pqpM81DGjiq.WVVkDvm0PWebtxq6HGmIjr2MRrRSYG4bTN5ev4Rb7GrkIb6wYqnySoD_s0GbVbHhwkoUc7I3Bsk9YcEV6GX6M5cerEix1KN2OsXpnWrmnsjG2Tmq9kUH4tHpmkRhlx.AH6EOlUrJ4Dbeg5b98gQdvevMybCNYiu8tg',mdrd: '2R5wXzCze0QZJB3bGnBIiDG3WigO2zChFWUpU1GoI6A-1774452347-1.2.1.1-pk24TOCFWJIYjEU6DRl21RBMepRqdS_0_MLvHPUAkGKclnudXs.wtWpUMe5Q1dKeCjdpAuXOr8LLl5AgWYwFyC.leVAza4arAv0aha0hpG0degNRDVKZJfB6Q8jliz.MnxJ2roF.ninVgef8obrYX0UGx135Y1y2wtnUfelBgrFzVfvFbn4c5lahBltTzsoB3H1uxHTYmpCzcuvvasC8URM0Yt8sU2frSR2ANjUs0I7UxNPiu1.uu0rCoiQh5DNokD01UZktCI9JJTJ7eEnrFiCPT8Ozg1F2b0lRNNIDP.k2dBJTHf4TLZ_Vpp7Bo95.yTsHoUL.kq3t8E_A5yUUFG2k3.2MGE9Yb0.w8LPNF1_CRuhlkUP57XT3B3bWIrGFHLPY3duyDZWnho46_0mwQBUO7h5M5JvH6CnHTjYLZkI',};var a = document.createElement('script');a.src = '/cdn-cgi/challenge-platform/h/g/orchestrate/chl_page/v1?ray=9e1eee21acb9ce06';window._cf_chl_opt.cOgUHash = location.hash === '' &amp;&amp; location.href.indexOf('#') !== -1 ? '#' : location.hash;window._cf_chl_opt.cOgUQuery = location.search === '' &amp;&amp; location.href.slice(0, location.href.length - window._cf_chl_opt.cOgUHash.length).indexOf('?') !== -1 ? '?' : location.search;if (window.history &amp;&amp; window.history.replaceState) {var ogU = location.pathname + window._cf_chl_opt.cOgUQuery + window._cf_chl_opt.cOgUHash;history.replaceState(null, null,"/api/users?__cf_chl_rt_tk=hqjQHzKjDLM05hrDIFdAczauOxjdnrgjNb9Gx22Lqik-1774452347-1.0.1.1-lvPu4cQY_4xWGvlwHilvVNgVt8vtpspFU.V3lTH_Hoc"+ window._cf_chl_opt.cOgUHash);a.onload = function() {history.replaceState(null, null, ogU);}}document.getElementsByTagName('head')[0].appendChild(a);}());</script>
  </body>
</html>
]]></system-out>
  </testcase>
  <testcase name="testCreateUser" classname="com.apitesting.tests.lab2.CrudUserTest" time="0.732">
    <failure message="1 expectation failed.&#10;Expected content-type &quot;JSON&quot; doesn&apos;t match actual content-type &quot;text/html; charset=UTF-8&quot;.&#10;" type="java.lang.AssertionError"><![CDATA[java.lang.AssertionError: 
1 expectation failed.
Expected content-type "JSON" doesn't match actual content-type "text/html; charset=UTF-8".

	at java.base/jdk.internal.reflect.DirectConstructorHandleAccessor.newInstance(DirectConstructorHandleAccessor.java:62)
	at java.base/java.lang.reflect.Constructor.newInstanceWithCaller(Constructor.java:502)
	at java.base/java.lang.reflect.Constructor.newInstance(Constructor.java:486)
	at org.codehaus.groovy.reflection.CachedConstructor.invoke(CachedConstructor.java:73)
	at org.codehaus.groovy.runtime.callsite.ConstructorSite$ConstructorSiteNoUnwrapNoCoerce.callConstructor(ConstructorSite.java:108)
	at org.codehaus.groovy.runtime.callsite.AbstractCallSite.callConstructor(AbstractCallSite.java:277)
	at io.restassured.internal.ResponseSpecificationImpl$HamcrestAssertionClosure.validate(ResponseSpecificationImpl.groovy:512)
	at io.restassured.internal.ResponseSpecificationImpl$HamcrestAssertionClosure$validate$1.call(Unknown Source)
	at io.restassured.internal.ResponseSpecificationImpl.validate(ResponseSpecificationImpl.groovy:101)
	at io.restassured.internal.ValidatableResponseOptionsImpl.spec(ValidatableResponseOptionsImpl.java:288)
	at com.apitesting.tests.lab2.CrudUserTest.testCreateUser(CrudUserTest.java:31)
	at java.base/jdk.internal.reflect.DirectMethodHandleAccessor.invoke(DirectMethodHandleAccessor.java:103)
	at java.base/java.lang.reflect.Method.invoke(Method.java:580)
	at org.testng.internal.invokers.MethodInvocationHelper.invokeMethod(MethodInvocationHelper.java:139)
	at org.testng.internal.invokers.TestInvoker.invokeMethod(TestInvoker.java:664)
	at org.testng.internal.invokers.TestInvoker.invokeTestMethod(TestInvoker.java:228)
	at org.testng.internal.invokers.MethodRunner.runInSequence(MethodRunner.java:63)
	at org.testng.internal.invokers.TestInvoker$MethodInvocationAgent.invoke(TestInvoker.java:961)
	at org.testng.internal.invokers.TestInvoker.invokeTestMethods(TestInvoker.java:201)
	at org.testng.internal.invokers.TestMethodWorker.invokeTestMethods(TestMethodWorker.java:148)
	at org.testng.internal.invokers.TestMethodWorker.run(TestMethodWorker.java:128)
	at java.base/java.util.ArrayList.forEach(ArrayList.java:1596)
	at org.testng.TestRunner.privateRun(TestRunner.java:819)
	at org.testng.TestRunner.run(TestRunner.java:619)
	at org.testng.SuiteRunner.runTest(SuiteRunner.java:443)
	at org.testng.SuiteRunner.runSequentially(SuiteRunner.java:437)
	at org.testng.SuiteRunner.privateRun(SuiteRunner.java:397)
	at org.testng.SuiteRunner.run(SuiteRunner.java:336)
	at org.testng.SuiteRunnerWorker.runSuite(SuiteRunnerWorker.java:52)
	at org.testng.SuiteRunnerWorker.run(SuiteRunnerWorker.java:95)
	at org.testng.TestNG.runSuitesSequentially(TestNG.java:1301)
	at org.testng.TestNG.runSuitesLocally(TestNG.java:1228)
	at org.testng.TestNG.runSuites(TestNG.java:1134)
	at org.testng.TestNG.run(TestNG.java:1101)
	at org.apache.maven.surefire.testng.TestNGExecutor.run(TestNGExecutor.java:308)
	at org.apache.maven.surefire.testng.TestNGXmlTestSuite.execute(TestNGXmlTestSuite.java:71)
	at org.apache.maven.surefire.testng.TestNGProvider.invoke(TestNGProvider.java:113)
	at org.apache.maven.surefire.booter.ForkedBooter.runSuitesInProcess(ForkedBooter.java:385)
	at org.apache.maven.surefire.booter.ForkedBooter.execute(ForkedBooter.java:162)
	at org.apache.maven.surefire.booter.ForkedBooter.run(ForkedBooter.java:507)
	at org.apache.maven.surefire.booter.ForkedBooter.main(ForkedBooter.java:495)
]]></failure>
    <system-out><![CDATA[Request method:	POST
Request URI:	https://reqres.in/api/users
Proxy:			<none>
Request params:	<none>
Query params:	<none>
Form params:	<none>
Path params:	<none>
Headers:		Accept=application/json
				Content-Type=application/json
Cookies:		<none>
Multiparts:		<none>
Body:
{
    "name": "Nguyen Van A",
    "job": "QA Engineer"
}
HTTP/1.1 403 Forbidden
Date: Wed, 25 Mar 2026 15:25:47 GMT
Content-Type: text/html; charset=UTF-8
Transfer-Encoding: chunked
Connection: close
Accept-Ch: Sec-CH-UA-Bitness, Sec-CH-UA-Arch, Sec-CH-UA-Full-Version, Sec-CH-UA-Mobile, Sec-CH-UA-Model, Sec-CH-UA-Platform-Version, Sec-CH-UA-Full-Version-List, Sec-CH-UA-Platform, Sec-CH-UA, UA-Bitness, UA-Arch, UA-Full-Version, UA-Mobile, UA-Model, UA-Platform-Version, UA-Platform, UA
Cf-Mitigated: challenge
Critical-Ch: Sec-CH-UA-Bitness, Sec-CH-UA-Arch, Sec-CH-UA-Full-Version, Sec-CH-UA-Mobile, Sec-CH-UA-Model, Sec-CH-UA-Platform-Version, Sec-CH-UA-Full-Version-List, Sec-CH-UA-Platform, Sec-CH-UA, UA-Bitness, UA-Arch, UA-Full-Version, UA-Mobile, UA-Model, UA-Platform-Version, UA-Platform, UA
Cross-Origin-Embedder-Policy: require-corp
Cross-Origin-Opener-Policy: same-origin
Cross-Origin-Resource-Policy: same-origin
Origin-Agent-Cluster: ?1
Permissions-Policy: accelerometer=(),browsing-topics=(),camera=(),clipboard-read=(),clipboard-write=(),geolocation=(),gyroscope=(),hid=(),interest-cohort=(),magnetometer=(),microphone=(),payment=(),publickey-credentials-get=(),screen-wake-lock=(),serial=(),sync-xhr=(),usb=()
Referrer-Policy: same-origin
Server-Timing: chlray;desc="9e1eee263964ce12"
X-Content-Type-Options: nosniff
X-Frame-Options: SAMEORIGIN
Report-To: {"group":"cf-nel","max_age":604800,"endpoints":[{"url":"https://a.nel.cloudflare.com/report/v4?s=JiBzQvjrkUlYnTUU6dP8EVomKLONCTLDYfCvjpLggzxTCC5bVozkfHYg%2BGOmR38K0hEcZRftfFMDmjBPK%2B9nGHqj%2FSdKiNPd"}]}
Nel: {"report_to":"cf-nel","success_fraction":0.0,"max_age":604800}
Content-Encoding: gzip
Server: cloudflare
CF-RAY: 9e1eee263964ce12-SIN

<html lang="en-US">
  <head>
    <title>Just a moment...</title>
    <meta http-equiv="Content-Type" content="text/html; charset=UTF-8"/>
    <meta http-equiv="X-UA-Compatible" content="IE=Edge"/>
    <meta name="robots" content="noindex,nofollow"/>
    <meta name="viewport" content="width=device-width,initial-scale=1"/>
    <style>*{box-sizing:border-box;margin:0;padding:0}html{line-height:1.15;-webkit-text-size-adjust:100%;color:#313131;font-family:system-ui,-apple-system,BlinkMacSystemFont,"Segoe UI",Roboto,"Helvetica Neue",Arial,"Noto Sans",sans-serif,"Apple Color Emoji","Segoe UI Emoji","Segoe UI Symbol","Noto Color Emoji"}body{display:flex;flex-direction:column;height:100vh;min-height:100vh}.main-content{margin:8rem auto;padding-left:1.5rem;max-width:60rem}@media (width &lt;= 720px){.main-content{margin-top:4rem}}#challenge-error-text{background-image:url("data:image/svg+xml;base64,PHN2ZyB4bWxucz0iaHR0cDovL3d3dy53My5vcmcvMjAwMC9zdmciIHdpZHRoPSIzMiIgaGVpZ2h0PSIzMiIgZmlsbD0ibm9uZSI+PHBhdGggZmlsbD0iI0IyMEYwMyIgZD0iTTE2IDNhMTMgMTMgMCAxIDAgMTMgMTNBMTMuMDE1IDEzLjAxNSAwIDAgMCAxNiAzbTAgMjRhMTEgMTEgMCAxIDEgMTEtMTEgMTEuMDEgMTEuMDEgMCAwIDEtMTEgMTEiLz48cGF0aCBmaWxsPSIjQjIwRjAzIiBkPSJNMTcuMDM4IDE4LjYxNUgxNC44N0wxNC41NjMgOS41aDIuNzgzem0tMS4wODQgMS40MjdxLjY2IDAgMS4wNTcuMzg4LjQwNy4zODkuNDA3Ljk5NCAwIC41OTYtLjQwNy45ODQtLjM5Ny4zOS0xLjA1Ny4zODktLjY1IDAtMS4wNTYtLjM4OS0uMzk4LS4zODktLjM5OC0uOTg0IDAtLjU5Ny4zOTgtLjk4NS40MDYtLjM5NyAxLjA1Ni0uMzk3Ii8+PC9zdmc+");background-repeat:no-repeat;background-size:contain;padding-left:34px}</style>
    <meta http-equiv="refresh" content="360"/>
  </head>
  <body>
    <div class="main-wrapper" role="main">
      <div class="main-content">
        <noscript>
          <div class="h2">
            <span id="challenge-error-text">Enable JavaScript and cookies to continue</span>
          </div>
        </noscript>
      </div>
    </div>
    <script>(function(){window._cf_chl_opt = {cvId: '3',cZone: 'reqres.in',cType: 'managed',cRay: '9e1eee263964ce12',cH: 'Xy72H8780TLjZYMF2_wCQG5TWbi26.18__84X.upH2A-1774452347-1.2.1.1-ooYo3qGe4A0E22e7SyooVcRh6p4CKo6M7wgN7ZY0QZ9w2.6d.1dZOh0wgPslNWmg',cUPMDTk:"/api/users?__cf_chl_tk=ZCWn94DkLxXAmrimWXGPp4yr8JnRFIuySSRowgmziwU-1774452347-1.0.1.1-Xn9HQ6zDalCmLiKiJFEkrN.9C3Nj_a0t5QUSHxYNVqo",cFPWv: 'g',cITimeS: '1774452347',cTplC:0,cTplO:0,cTplV:5,cTplB: '0',fa:"/api/users?__cf_chl_f_tk=ZCWn94DkLxXAmrimWXGPp4yr8JnRFIuySSRowgmziwU-1774452347-1.0.1.1-Xn9HQ6zDalCmLiKiJFEkrN.9C3Nj_a0t5QUSHxYNVqo",md: 'sHq0OxukdaVUcoZrEAglb.Rg50rQklDiLuxmUqRjHJw-1774452347-1.2.1.1-53vD4JLmr_EPVTpJaOJSM.z_qPRH0jTLJ3QcpTh62lNqd6rUZfpNlTE7V0rhd06AYaThK7MjfT.Hk9GsZP4BzwJ73NESyoKp_YSiIs3A9p4edGb5lhnR4s0yTYrLy0KK7oyfePieG7wI3Zh3i6IhzlkyakEK1y7pOZasrQ9Xj_QXzen8BSwYQ12TUbvJpdy88n66YzYVmawILlITQEFrrl3Vz2dS7xlSWLaPPuvuYFGT5nbcUt1ljMJL9zxVJYK_tKevpHMN.9jgCelWgixziQfrgX_P5dSjkpdb18tTFESxmShB56BR7L3wuDmSnvSRK45CsRjGm5sT6wG1gavrD_BXDdC1e1AWSwwuuOSRUd5Foy8CBy0Bh2_EvFQDQcWttJzlaUaY8BKOM0d6wxbdID5PcQZzlO.RLIMb1pXhpGZJMVhY3ZWoQuAd8wbU.5b6i0r97HTMVY5wvMKDeeqqvPtqFwWiyYk_KMzUQoljoY2CS8jbEzbccsWA0Ws5.DBlj3arWhy02cR8ty4d.SZc52vv5gzlo4FwpbYiL4mZ3EHGyoEOkhiCDwWdF2NpUPQa74WTFj7O1TkNJg6nClypYtFct0mhnYMXrlNk28.QVsxcLhna13n9RO3A8KgnO9.NQgdoBlx4svNveB0XZrnftfyWEYBTPpugMffJMfSX4_6trC4Om6XO.Jmgi.aqcuttz2i90O2xrSgw9kD6KuO6Mnf6l7MN5H8Je5xpX4vZwcyr.S.bdIupK2OGJTjYKai.E3F63HRZorLcpnIGWsl9cZEaz9LVmyP5n.8J.5J9bl7Y9XnojZ1UZO8l6.YiwqnUAmFCStgatAIKdj6xLN1XBzRHwBSScPt8PWp4IIRVBzkM_OJbPV7u6Oglghi_Uv5eQOPvMtxpNu_9Gti2ZEfN6eu88EYmbkNtcnA1RnzWxS0',mdrd: '5gt1POL7AZwtF5w5nxny9T832q26wixfgkxQr7Dyt5w-1774452347-1.2.1.1-SzKUmf6qUxmeWtfxFWfQo5bxhTZJsUBOWUk0h1o07LUbbvsuTwM0ZN5jHqT9xxFw6W7tHHje3AL58FbrS3gVEBNMo4zPfREgBzXi13UX2..GIHkQ6tIA49NG2QBTPjFch7hRleFty0wJfVcZoI9zzyhBgj_ScFbJge_460CMDE2EnJ5619ZXKditjpZwBx4CCAKkLeqCdP6Mcy91Zl_ixjvXQK6zwvbWN6.qAJ6Bn2s13iLGMOIQ5ZesRM9LzuMduFw6qarqtYtda80BJbTGc5KFoJWXj3DxxQXPwNnXfr4c2.GwzzUn.jw8uj_dKbb6BBmqViwQSPp93KL7gtSdaW8RDDE3xLSf7cftr9OJfowjqZ5gervDBqnpLEhzkArZCFeaJHmi587CJBjTZ93zV4bIAiu1qy5nQqY1ceFYoPRpKKnCfNJBCzftmo4y0MpQ',};var a = document.createElement('script');a.src = '/cdn-cgi/challenge-platform/h/g/orchestrate/chl_page/v1?ray=9e1eee263964ce12';window._cf_chl_opt.cOgUHash = location.hash === '' &amp;&amp; location.href.indexOf('#') !== -1 ? '#' : location.hash;window._cf_chl_opt.cOgUQuery = location.search === '' &amp;&amp; location.href.slice(0, location.href.length - window._cf_chl_opt.cOgUHash.length).indexOf('?') !== -1 ? '?' : location.search;if (window.history &amp;&amp; window.history.replaceState) {var ogU = location.pathname + window._cf_chl_opt.cOgUQuery + window._cf_chl_opt.cOgUHash;history.replaceState(null, null,"/api/users?__cf_chl_rt_tk=ZCWn94DkLxXAmrimWXGPp4yr8JnRFIuySSRowgmziwU-1774452347-1.0.1.1-Xn9HQ6zDalCmLiKiJFEkrN.9C3Nj_a0t5QUSHxYNVqo"+ window._cf_chl_opt.cOgUHash);a.onload = function() {history.replaceState(null, null, ogU);}}document.getElementsByTagName('head')[0].appendChild(a);}());</script>
  </body>
</html>
]]></system-out>
  </testcase>
  <testcase name="testDeleteUser" classname="com.apitesting.tests.lab2.CrudUserTest" time="0.771">
    <failure message="1 expectation failed.&#10;Expected status code &lt;204&gt; but was &lt;403&gt;.&#10;" type="java.lang.AssertionError"><![CDATA[java.lang.AssertionError: 
1 expectation failed.
Expected status code <204> but was <403>.

	at java.base/jdk.internal.reflect.DirectConstructorHandleAccessor.newInstance(DirectConstructorHandleAccessor.java:62)
	at java.base/java.lang.reflect.Constructor.newInstanceWithCaller(Constructor.java:502)
	at java.base/java.lang.reflect.Constructor.newInstance(Constructor.java:486)
	at org.codehaus.groovy.reflection.CachedConstructor.invoke(CachedConstructor.java:73)
	at org.codehaus.groovy.runtime.callsite.ConstructorSite$ConstructorSiteNoUnwrapNoCoerce.callConstructor(ConstructorSite.java:108)
	at org.codehaus.groovy.runtime.callsite.AbstractCallSite.callConstructor(AbstractCallSite.java:277)
	at io.restassured.internal.ResponseSpecificationImpl$HamcrestAssertionClosure.validate(ResponseSpecificationImpl.groovy:512)
	at io.restassured.internal.ResponseSpecificationImpl$HamcrestAssertionClosure$validate$1.call(Unknown Source)
	at org.codehaus.groovy.runtime.callsite.CallSiteArray.defaultCall(CallSiteArray.java:45)
	at org.codehaus.groovy.runtime.callsite.AbstractCallSite.call(AbstractCallSite.java:125)
	at org.codehaus.groovy.runtime.callsite.AbstractCallSite.call(AbstractCallSite.java:139)
	at io.restassured.internal.ResponseSpecificationImpl.validateResponseIfRequired(ResponseSpecificationImpl.groovy:696)
	at io.restassured.internal.ResponseSpecificationImpl.this$2$validateResponseIfRequired(ResponseSpecificationImpl.groovy)
	at java.base/jdk.internal.reflect.DirectMethodHandleAccessor.invoke(DirectMethodHandleAccessor.java:103)
	at java.base/java.lang.reflect.Method.invoke(Method.java:580)
	at org.codehaus.groovy.runtime.callsite.PlainObjectMetaMethodSite.doInvoke(PlainObjectMetaMethodSite.java:43)
	at org.codehaus.groovy.runtime.callsite.PogoMetaMethodSite$PogoCachedMethodSiteNoUnwrapNoCoerce.invoke(PogoMetaMethodSite.java:198)
	at org.codehaus.groovy.runtime.callsite.PogoMetaMethodSite.callCurrent(PogoMetaMethodSite.java:62)
	at org.codehaus.groovy.runtime.callsite.CallSiteArray.defaultCallCurrent(CallSiteArray.java:49)
	at org.codehaus.groovy.runtime.callsite.AbstractCallSite.callCurrent(AbstractCallSite.java:171)
	at org.codehaus.groovy.runtime.callsite.AbstractCallSite.callCurrent(AbstractCallSite.java:185)
	at io.restassured.internal.ResponseSpecificationImpl.statusCode(ResponseSpecificationImpl.groovy:135)
	at io.restassured.specification.ResponseSpecification$statusCode$1.callCurrent(Unknown Source)
	at org.codehaus.groovy.runtime.callsite.CallSiteArray.defaultCallCurrent(CallSiteArray.java:49)
	at org.codehaus.groovy.runtime.callsite.AbstractCallSite.callCurrent(AbstractCallSite.java:171)
	at org.codehaus.groovy.runtime.callsite.AbstractCallSite.callCurrent(AbstractCallSite.java:185)
	at io.restassured.internal.ResponseSpecificationImpl.statusCode(ResponseSpecificationImpl.groovy:143)
	at io.restassured.internal.ValidatableResponseOptionsImpl.statusCode(ValidatableResponseOptionsImpl.java:89)
	at com.apitesting.tests.lab2.CrudUserTest.testDeleteUser(CrudUserTest.java:76)
	at java.base/jdk.internal.reflect.DirectMethodHandleAccessor.invoke(DirectMethodHandleAccessor.java:103)
	at java.base/java.lang.reflect.Method.invoke(Method.java:580)
	at org.testng.internal.invokers.MethodInvocationHelper.invokeMethod(MethodInvocationHelper.java:139)
	at org.testng.internal.invokers.TestInvoker.invokeMethod(TestInvoker.java:664)
	at org.testng.internal.invokers.TestInvoker.invokeTestMethod(TestInvoker.java:228)
	at org.testng.internal.invokers.MethodRunner.runInSequence(MethodRunner.java:63)
	at org.testng.internal.invokers.TestInvoker$MethodInvocationAgent.invoke(TestInvoker.java:961)
	at org.testng.internal.invokers.TestInvoker.invokeTestMethods(TestInvoker.java:201)
	at org.testng.internal.invokers.TestMethodWorker.invokeTestMethods(TestMethodWorker.java:148)
	at org.testng.internal.invokers.TestMethodWorker.run(TestMethodWorker.java:128)
	at java.base/java.util.ArrayList.forEach(ArrayList.java:1596)
	at org.testng.TestRunner.privateRun(TestRunner.java:819)
	at org.testng.TestRunner.run(TestRunner.java:619)
	at org.testng.SuiteRunner.runTest(SuiteRunner.java:443)
	at org.testng.SuiteRunner.runSequentially(SuiteRunner.java:437)
	at org.testng.SuiteRunner.privateRun(SuiteRunner.java:397)
	at org.testng.SuiteRunner.run(SuiteRunner.java:336)
	at org.testng.SuiteRunnerWorker.runSuite(SuiteRunnerWorker.java:52)
	at org.testng.SuiteRunnerWorker.run(SuiteRunnerWorker.java:95)
	at org.testng.TestNG.runSuitesSequentially(TestNG.java:1301)
	at org.testng.TestNG.runSuitesLocally(TestNG.java:1228)
	at org.testng.TestNG.runSuites(TestNG.java:1134)
	at org.testng.TestNG.run(TestNG.java:1101)
	at org.apache.maven.surefire.testng.TestNGExecutor.run(TestNGExecutor.java:308)
	at org.apache.maven.surefire.testng.TestNGXmlTestSuite.execute(TestNGXmlTestSuite.java:71)
	at org.apache.maven.surefire.testng.TestNGProvider.invoke(TestNGProvider.java:113)
	at org.apache.maven.surefire.booter.ForkedBooter.runSuitesInProcess(ForkedBooter.java:385)
	at org.apache.maven.surefire.booter.ForkedBooter.execute(ForkedBooter.java:162)
	at org.apache.maven.surefire.booter.ForkedBooter.run(ForkedBooter.java:507)
	at org.apache.maven.surefire.booter.ForkedBooter.main(ForkedBooter.java:495)
]]></failure>
    <system-out><![CDATA[Request method:	DELETE
Request URI:	https://reqres.in/api/users/2
Proxy:			<none>
Request params:	<none>
Query params:	<none>
Form params:	<none>
Path params:	<none>
Headers:		Accept=application/json
				Content-Type=application/json
Cookies:		<none>
Multiparts:		<none>
Body:			<none>
HTTP/1.1 403 Forbidden
Date: Wed, 25 Mar 2026 15:25:48 GMT
Content-Type: text/html; charset=UTF-8
Transfer-Encoding: chunked
Connection: close
Accept-Ch: Sec-CH-UA-Bitness, Sec-CH-UA-Arch, Sec-CH-UA-Full-Version, Sec-CH-UA-Mobile, Sec-CH-UA-Model, Sec-CH-UA-Platform-Version, Sec-CH-UA-Full-Version-List, Sec-CH-UA-Platform, Sec-CH-UA, UA-Bitness, UA-Arch, UA-Full-Version, UA-Mobile, UA-Model, UA-Platform-Version, UA-Platform, UA
Cf-Mitigated: challenge
Critical-Ch: Sec-CH-UA-Bitness, Sec-CH-UA-Arch, Sec-CH-UA-Full-Version, Sec-CH-UA-Mobile, Sec-CH-UA-Model, Sec-CH-UA-Platform-Version, Sec-CH-UA-Full-Version-List, Sec-CH-UA-Platform, Sec-CH-UA, UA-Bitness, UA-Arch, UA-Full-Version, UA-Mobile, UA-Model, UA-Platform-Version, UA-Platform, UA
Cross-Origin-Embedder-Policy: require-corp
Cross-Origin-Opener-Policy: same-origin
Cross-Origin-Resource-Policy: same-origin
Origin-Agent-Cluster: ?1
Permissions-Policy: accelerometer=(),browsing-topics=(),camera=(),clipboard-read=(),clipboard-write=(),geolocation=(),gyroscope=(),hid=(),interest-cohort=(),magnetometer=(),microphone=(),payment=(),publickey-credentials-get=(),screen-wake-lock=(),serial=(),sync-xhr=(),usb=()
Referrer-Policy: same-origin
Server-Timing: chlray;desc="9e1eee2ace6db2df"
X-Content-Type-Options: nosniff
X-Frame-Options: SAMEORIGIN
Report-To: {"group":"cf-nel","max_age":604800,"endpoints":[{"url":"https://a.nel.cloudflare.com/report/v4?s=QnI2dGsqxQ6GvNLpoFVq0FB5IKi6azYFGk9exbjwdglWF3zHkW%2BCYH4vR4C7ZIfCfKZENt0fyTJj5O9eGiVO2s2aB0qtN7S2"}]}
Nel: {"report_to":"cf-nel","success_fraction":0.0,"max_age":604800}
Content-Encoding: gzip
Server: cloudflare
CF-RAY: 9e1eee2ace6db2df-SIN

<html lang="en-US">
  <head>
    <title>Just a moment...</title>
    <meta http-equiv="Content-Type" content="text/html; charset=UTF-8"/>
    <meta http-equiv="X-UA-Compatible" content="IE=Edge"/>
    <meta name="robots" content="noindex,nofollow"/>
    <meta name="viewport" content="width=device-width,initial-scale=1"/>
    <style>*{box-sizing:border-box;margin:0;padding:0}html{line-height:1.15;-webkit-text-size-adjust:100%;color:#313131;font-family:system-ui,-apple-system,BlinkMacSystemFont,"Segoe UI",Roboto,"Helvetica Neue",Arial,"Noto Sans",sans-serif,"Apple Color Emoji","Segoe UI Emoji","Segoe UI Symbol","Noto Color Emoji"}body{display:flex;flex-direction:column;height:100vh;min-height:100vh}.main-content{margin:8rem auto;padding-left:1.5rem;max-width:60rem}@media (width &lt;= 720px){.main-content{margin-top:4rem}}#challenge-error-text{background-image:url("data:image/svg+xml;base64,PHN2ZyB4bWxucz0iaHR0cDovL3d3dy53My5vcmcvMjAwMC9zdmciIHdpZHRoPSIzMiIgaGVpZ2h0PSIzMiIgZmlsbD0ibm9uZSI+PHBhdGggZmlsbD0iI0IyMEYwMyIgZD0iTTE2IDNhMTMgMTMgMCAxIDAgMTMgMTNBMTMuMDE1IDEzLjAxNSAwIDAgMCAxNiAzbTAgMjRhMTEgMTEgMCAxIDEgMTEtMTEgMTEuMDEgMTEuMDEgMCAwIDEtMTEgMTEiLz48cGF0aCBmaWxsPSIjQjIwRjAzIiBkPSJNMTcuMDM4IDE4LjYxNUgxNC44N0wxNC41NjMgOS41aDIuNzgzem0tMS4wODQgMS40MjdxLjY2IDAgMS4wNTcuMzg4LjQwNy4zODkuNDA3Ljk5NCAwIC41OTYtLjQwNy45ODQtLjM5Ny4zOS0xLjA1Ny4zODktLjY1IDAtMS4wNTYtLjM4OS0uMzk4LS4zODktLjM5OC0uOTg0IDAtLjU5Ny4zOTgtLjk4NS40MDYtLjM5NyAxLjA1Ni0uMzk3Ii8+PC9zdmc+");background-repeat:no-repeat;background-size:contain;padding-left:34px}</style>
    <meta http-equiv="refresh" content="360"/>
  </head>
  <body>
    <div class="main-wrapper" role="main">
      <div class="main-content">
        <noscript>
          <div class="h2">
            <span id="challenge-error-text">Enable JavaScript and cookies to continue</span>
          </div>
        </noscript>
      </div>
    </div>
    <script>(function(){window._cf_chl_opt = {cvId: '3',cZone: 'reqres.in',cType: 'managed',cRay: '9e1eee2ace6db2df',cH: 'ivyF68rzOU_gJaxWWEVKXU2eOVUC7LsMjaOxW9JOMZo-1774452348-1.2.1.1-LyS8AeztOninIQ6hnaxjzvHMmHA6T77rlV3uc._zxdxpXmaZItdxy6e0jLynQtvB',cUPMDTk:"/api/users/2?__cf_chl_tk=mFwZVpJzd.rQ2hKXuU55Vg2DgPzUI2LQgOE4_tzOD9A-1774452348-1.0.1.1-XZUE753mrjF2uD4d0orDhxmNYnXx.Th.OIaeuPIf.28",cFPWv: 'g',cITimeS: '1774452348',cTplC:0,cTplO:0,cTplV:5,cTplB: '0',fa:"/api/users/2?__cf_chl_f_tk=mFwZVpJzd.rQ2hKXuU55Vg2DgPzUI2LQgOE4_tzOD9A-1774452348-1.0.1.1-XZUE753mrjF2uD4d0orDhxmNYnXx.Th.OIaeuPIf.28",md: '8yVSwk7lSriIaIwi0qYrBov9LwOWDTGfRud.xrDSh74-1774452348-1.2.1.1-VnY6OXH0dHp_CG4E7sZkP8ThzJFIZxw90KsUp7oMGjhvY698u9ckqiY_gJT.N.YikRMw9u6LsYVlVzJA0yY68r74r7lSupAwOjvzqTnr.aIzB_iwsRJj5jldmWK94ZFkrlwaAh_riMAwwJDm_qI0gOIr.Y1PWAyP5XueJY9FEMc0x1PELI9HKP69L_EE_ggDxQcD88lYTrAHfj.iWfSeNMIPX2H5GEnP8EBXLKEPItlpfrOvFkyd9F8HiYhfGG9natyUT0Fu_8BBlhV.ATxlyKaWy9F58oc1FNh2JpeXd5ckVzTWwZEEgOSrugoQ9Ho0cBZpxuF0OlErSoAo.Nd0RgHQZgL9wi4mK6bo5AL7Ol484hmFuwAGjdcrOpq0qlCbBs5DYQb4wr7zkiVSj5KcBtcl57Tan9zVFpE4i2lwHG3zycSC0rQSsBrX7c4QVmf3LpL5gd4wh.3wzyfxjU26KMGcaemdHXhjLKjdY9pv5xYtSTHB8B783VFv0J5Y45korXGQ2MMVUaRCOf1k04q4z8udPnCVtAhkfz0IDpY4i39jJwdTRtuH0sBSvv3vTi3QOnXnV0fM8VSz_XNxrXCh2vfitcgLsFy4brRhoOZm60HJ3Lts414SL1HK.ZoMLnHLrg3gPKu_KgHuyb005.y5_QWSWxc.r9gwGtTEYIJQxYB9Vo.J._WruHkXMxWQFxBMPZk2_t2B2kDWeMT2sk7wcpfA7aAgym8acHukZviJg2mYkuRqmee75YpMG8KXjToo_bLZsldQzql_tGTovfZ55UGwhIUE9zW.OHWDxU6gAV4gdSigS6Eooaj_oqNHoQh1deJtGddjAe71oT1xbc.CNIcyk64WFDqfgwd8GlN8KmB9iwVqvDX3F.zQN6nIcgaV4iGF5fGMJuGxBFzOzLgJhZKBcl05WRcnSZTjtJnSSR4',mdrd: 'XPPatJ16N4FqxsippZ5rk274j9q0TVgY1x4VVwx_PkI-1774452348-1.2.1.1-HGpiGxI5.0jpOT9_0Q3ZvN39RdKSdxchttxZ6zgtgU4xHIHy235Jh75vR4eJ2DjMXvohY7Di17SMStViY8uIImLluJcseScsXuSFJUfoGVg6hWh_UnBNGePu0k8dub7KOlBu0jZQ0HCalf9DLLVEY3l8E.JGE4jpjeyYnSzI5spUyIPrnT6ujAmbjqwiZvv_5Mc.zpi9vdqdoZ3TH_Ut5NpFtdAfXTNX_.usOVJVS7CdA6Mnr23n.UZUXEmTULCHGoTyvBU.2cQXrV6pDXbfIXx3WM8WfuV12eyuIdZDzo9dF4CbnMiLIS6GNSA9iMflSX7beRg2MnkB2bNV.qyDzFZLm39DGRO0tFtTE75pe2Y',};var a = document.createElement('script');a.src = '/cdn-cgi/challenge-platform/h/g/orchestrate/chl_page/v1?ray=9e1eee2ace6db2df';window._cf_chl_opt.cOgUHash = location.hash === '' &amp;&amp; location.href.indexOf('#') !== -1 ? '#' : location.hash;window._cf_chl_opt.cOgUQuery = location.search === '' &amp;&amp; location.href.slice(0, location.href.length - window._cf_chl_opt.cOgUHash.length).indexOf('?') !== -1 ? '?' : location.search;if (window.history &amp;&amp; window.history.replaceState) {var ogU = location.pathname + window._cf_chl_opt.cOgUQuery + window._cf_chl_opt.cOgUHash;history.replaceState(null, null,"/api/users/2?__cf_chl_rt_tk=mFwZVpJzd.rQ2hKXuU55Vg2DgPzUI2LQgOE4_tzOD9A-1774452348-1.0.1.1-XZUE753mrjF2uD4d0orDhxmNYnXx.Th.OIaeuPIf.28"+ window._cf_chl_opt.cOgUHash);a.onload = function() {history.replaceState(null, null, ogU);}}document.getElementsByTagName('head')[0].appendChild(a);}());</script>
  </body>
</html>
]]></system-out>
  </testcase>
  <testcase name="testPatchUser" classname="com.apitesting.tests.lab2.CrudUserTest" time="0.778">
    <failure message="1 expectation failed.&#10;Expected content-type &quot;JSON&quot; doesn&apos;t match actual content-type &quot;text/html; charset=UTF-8&quot;.&#10;" type="java.lang.AssertionError"><![CDATA[java.lang.AssertionError: 
1 expectation failed.
Expected content-type "JSON" doesn't match actual content-type "text/html; charset=UTF-8".

	at java.base/jdk.internal.reflect.DirectConstructorHandleAccessor.newInstance(DirectConstructorHandleAccessor.java:62)
	at java.base/java.lang.reflect.Constructor.newInstanceWithCaller(Constructor.java:502)
	at java.base/java.lang.reflect.Constructor.newInstance(Constructor.java:486)
	at org.codehaus.groovy.reflection.CachedConstructor.invoke(CachedConstructor.java:73)
	at org.codehaus.groovy.runtime.callsite.ConstructorSite$ConstructorSiteNoUnwrapNoCoerce.callConstructor(ConstructorSite.java:108)
	at org.codehaus.groovy.runtime.callsite.AbstractCallSite.callConstructor(AbstractCallSite.java:277)
	at io.restassured.internal.ResponseSpecificationImpl$HamcrestAssertionClosure.validate(ResponseSpecificationImpl.groovy:512)
	at io.restassured.internal.ResponseSpecificationImpl$HamcrestAssertionClosure$validate$1.call(Unknown Source)
	at io.restassured.internal.ResponseSpecificationImpl.validate(ResponseSpecificationImpl.groovy:101)
	at io.restassured.internal.ValidatableResponseOptionsImpl.spec(ValidatableResponseOptionsImpl.java:288)
	at com.apitesting.tests.lab2.CrudUserTest.testPatchUser(CrudUserTest.java:63)
	at java.base/jdk.internal.reflect.DirectMethodHandleAccessor.invoke(DirectMethodHandleAccessor.java:103)
	at java.base/java.lang.reflect.Method.invoke(Method.java:580)
	at org.testng.internal.invokers.MethodInvocationHelper.invokeMethod(MethodInvocationHelper.java:139)
	at org.testng.internal.invokers.TestInvoker.invokeMethod(TestInvoker.java:664)
	at org.testng.internal.invokers.TestInvoker.invokeTestMethod(TestInvoker.java:228)
[...]
pragma: no-cache
report-to: {"group":"heroku-nel","endpoints":[{"url":"https://nel.heroku.com/reports?s=Eb%2Fdpz0EhJm2Z1nNRNPKT3ONjLbsiew0sJTLbokDpr0%3D\u0026sid=e11707d5-02a7-43ef-b45e-2cf4d2036f7d\u0026ts=1774377133"}],"max_age":3600}
reporting-endpoints: heroku-nel="https://nel.heroku.com/reports?s=Eb%2Fdpz0EhJm2Z1nNRNPKT3ONjLbsiew0sJTLbokDpr0%3D&sid=e11707d5-02a7-43ef-b45e-2cf4d2036f7d&ts=1774377133"
Server: cloudflare
vary: Origin, Accept-Encoding
via: 2.0 heroku-router
x-content-type-options: nosniff
x-powered-by: Express
x-ratelimit-limit: 1000
x-ratelimit-remaining: 996
x-ratelimit-reset: 1774377138
Age: 16526
cf-cache-status: HIT
CF-RAY: 9e1eef0d1df5f8c6-SIN
alt-svc: h3=":443"; ma=86400

[
    {
        "postId": 1,
        "id": 1,
        "name": "id labore ex et quam laborum",
        "email": "Eliseo@gardner.biz",
        "body": "laudantium enim quasi est quidem magnam voluptate ipsam eos\ntempora quo necessitatibus\ndolor quam autem quasi\nreiciendis et nam sapiente accusantium"
    },
    {
        "postId": 1,
        "id": 2,
        "name": "quo vero reiciendis velit similique earum",
        "email": "Jayne_Kuhic@sydney.com",
        "body": "est natus enim nihil est dolore omnis voluptatem numquam\net omnis occaecati quod ullam at\nvoluptatem error expedita pariatur\nnihil sint nostrum voluptatem reiciendis et"
    },
    {
        "postId": 1,
        "id": 3,
        "name": "odio adipisci rerum aut animi",
        "email": "Nikita@garfield.biz",
        "body": "quia molestiae reprehenderit quasi aspernatur\naut expedita occaecati aliquam eveniet laudantium\nomnis quibusdam delectus saepe quia accusamus maiores nam est\ncum et ducimus et vero voluptates excepturi deleniti ratione"
    },
    {
        "postId": 1,
        "id": 4,
        "name": "alias odio sit",
        "email": "Lew@alysha.tv",
        "body": "non et atque\noccaecati deserunt quas accusantium unde odit nobis qui voluptatem\nquia voluptas consequuntur itaque dolor\net qui rerum deleniti ut occaecati"
    },
    {
        "postId": 1,
        "id": 5,
        "name": "vero eaque aliquid doloribus et culpa",
        "email": "Hayden@althea.biz",
        "body": "harum non quasi et ratione\ntempore iure ex voluptates in ratione\nharum architecto fugit inventore cupiditate\nvoluptates magni quo et"
    }
]
]]></system-out>
  </testcase>
  <testcase name="testGetCommentsForPost1" classname="com.apitesting.tests.lab7.CommentApiTest" time="4.23">
    <failure message="1 expectation failed.&#10;Expected response time was not a value less than &lt;3000L&gt; milliseconds, was 4218 milliseconds (4218 milliseconds)." type="java.lang.AssertionError"><![CDATA[java.lang.AssertionError: 
1 expectation failed.
Expected response time was not a value less than <3000L> milliseconds, was 4218 milliseconds (4218 milliseconds).
	at java.base/jdk.internal.reflect.DirectConstructorHandleAccessor.newInstance(DirectConstructorHandleAccessor.java:62)
	at java.base/java.lang.reflect.Constructor.newInstanceWithCaller(Constructor.java:502)
	at java.base/java.lang.reflect.Constructor.newInstance(Constructor.java:486)
	at org.codehaus.groovy.reflection.CachedConstructor.invoke(CachedConstructor.java:73)
	at org.codehaus.groovy.runtime.callsite.ConstructorSite$ConstructorSiteNoUnwrapNoCoerce.callConstructor(ConstructorSite.java:108)
	at org.codehaus.groovy.runtime.callsite.AbstractCallSite.callConstructor(AbstractCallSite.java:277)
	at io.restassured.internal.ResponseSpecificationImpl$HamcrestAssertionClosure.validate(ResponseSpecificationImpl.groovy:512)
	at io.restassured.internal.ResponseSpecificationImpl$HamcrestAssertionClosure$validate$1.call(Unknown Source)
	at io.restassured.internal.ResponseSpecificationImpl.validate(ResponseSpecificationImpl.groovy:101)
	at io.restassured.internal.ValidatableResponseOptionsImpl.spec(ValidatableResponseOptionsImpl.java:288)
	at com.apitesting.tests.lab7.CommentApiTest.testGetCommentsForPost1(CommentApiTest.java:28)
	at java.base/jdk.internal.reflect.DirectMethodHandleAccessor.invoke(DirectMethodHandleAccessor.java:103)
	at java.base/java.lang.reflect.Method.invoke(Method.java:580)
	at org.testng.internal.invokers.MethodInvocationHelper.invokeMethod(MethodInvocationHelper.java:139)
	at org.testng.internal.invokers.TestInvoker.invokeMethod(TestInvoker.java:664)
	at org.testng.internal.invokers.TestInvoker.invokeTestMethod(TestInvoker.java:228)
	at org.testng.internal.invokers.MethodRunner.runInSequence(MethodRunner.java:63)
	at org.testng.internal.invokers.TestInvoker$MethodInvocationAgent.invoke(TestInvoker.java:961)
	at org.testng.internal.invokers.TestInvoker.invokeTestMethods(TestInvoker.java:201)
	at org.testng.internal.invokers.TestMethodWorker.invokeTestMethods(TestMethodWorker.java:148)
	at org.testng.internal.invokers.TestMethodWorker.run(TestMethodWorker.java:128)
	at java.base/java.util.ArrayList.forEach(ArrayList.java:1596)
	at org.testng.TestRunner.privateRun(TestRunner.java:819)
	at org.testng.TestRunner.run(TestRunner.java:619)
	at org.testng.SuiteRunner.runTest(SuiteRunner.java:443)
	at org.testng.SuiteRunner.runSequentially(SuiteRunner.java:437)
	at org.testng.SuiteRunner.privateRun(SuiteRunner.java:397)
	at org.testng.SuiteRunner.run(SuiteRunner.java:336)
	at org.testng.SuiteRunnerWorker.runSuite(SuiteRunnerWorker.java:52)
	at org.testng.SuiteRunnerWorker.run(SuiteRunnerWorker.java:95)
	at org.testng.TestNG.runSuitesSequentially(TestNG.java:1301)
	at org.testng.TestNG.runSuitesLocally(TestNG.java:1228)
	at org.testng.TestNG.runSuites(TestNG.java:1134)
	at org.testng.TestNG.run(TestNG.java:1101)
	at org.apache.maven.surefire.testng.TestNGExecutor.run(TestNGExecutor.java:308)
	at org.apache.maven.surefire.testng.TestNGXmlTestSuite.execute(TestNGXmlTestSuite.java:71)
	at org.apache.maven.surefire.testng.TestNGProvider.invoke(TestNGProvider.java:113)
	at org.apache.maven.surefire.booter.ForkedBooter.runSuitesInProcess(ForkedBooter.java:385)
	at org.apache.maven.surefire.booter.ForkedBooter.execute(ForkedBooter.java:162)
	at org.apache.maven.surefire.booter.ForkedBooter.run(ForkedBooter.java:507)
	at org.apache.maven.surefire.booter.ForkedBooter.main(ForkedBooter.java:495)
]]></failure>
    <system-out><![CDATA[Request method:	GET
Request URI:	https://jsonplaceholder.typicode.com/posts/1/comments
Proxy:			<none>
Request params:	<none>
Query params:	<none>
Form params:	<none>
Path params:	<none>
Headers:		Accept=application/json
				Content-Type=application/json
Cookies:		<none>
Multiparts:		<none>
Body:			<none>
HTTP/1.1 200 OK
Date: Wed, 25 Mar 2026 15:26:26 GMT
Content-Type: application/json; charset=utf-8
Content-Length: 657
Connection: keep-alive
access-control-allow-credentials: true
Cache-Control: max-age=43200
Content-Encoding: gzip
etag: W/"5e6-4bSPS5tq8F8ZDeFJULWh6upjp7U"
expires: -1
nel: {"report_to":"heroku-nel","response_headers":["Via"],"max_age":3600,"success_fraction":0.01,"failure_fraction":0.1}
pragma: no-cache
report-to: {"group":"heroku-nel","endpoints":[{"url":"https://nel.heroku.com/reports?s=nZotOLt3fXnyj23mW0qILL8I7dnNmi7s2Uv7lljUfwY%3D\u0026sid=e11707d5-02a7-43ef-b45e-2cf4d2036f7d\u0026ts=1774366141"}],"max_age":3600}
reporting-endpoints: heroku-nel="https://nel.heroku.com/reports?s=nZotOLt3fXnyj23mW0qILL8I7dnNmi7s2Uv7lljUfwY%3D&sid=e11707d5-02a7-43ef-b45e-2cf4d2036f7d&ts=1774366141"
Server: cloudflare
vary: Origin, Accept-Encoding
via: 2.0 heroku-router
x-content-type-options: nosniff
x-powered-by: Express
x-ratelimit-limit: 1000
x-ratelimit-remaining: 999
x-ratelimit-reset: 1774366158
Age: 24985
Accept-Ranges: bytes
cf-cache-status: HIT
CF-RAY: 9e1eef19efd49bda-SIN
alt-svc: h3=":443"; ma=86400

[
    {
        "postId": 1,
        "id": 1,
        "name": "id labore ex et quam laborum",
        "email": "Eliseo@gardner.biz",
        "body": "laudantium enim quasi est quidem magnam voluptate ipsam eos\ntempora quo necessitatibus\ndolor quam autem quasi\nreiciendis et nam sapiente accusantium"
    },
    {
        "postId": 1,
        "id": 2,
        "name": "quo vero reiciendis velit similique earum",
        "email": "Jayne_Kuhic@sydney.com",
        "body": "est natus enim nihil est dolore omnis voluptatem numquam\net omnis occaecati quod ullam at\nvoluptatem error expedita pariatur\nnihil sint nostrum voluptatem reiciendis et"
    },
    {
        "postId": 1,
        "id": 3,
        "name": "odio adipisci rerum aut animi",
        "email": "Nikita@garfield.biz",
        "body": "quia molestiae reprehenderit quasi aspernatur\naut expedita occaecati aliquam eveniet laudantium\nomnis quibusdam delectus saepe quia accusamus maiores nam est\ncum et ducimus et vero voluptates excepturi deleniti ratione"
    },
    {
        "postId": 1,
        "id": 4,
        "name": "alias odio sit",
        "email": "Lew@alysha.tv",
        "body": "non et atque\noccaecati deserunt quas accusantium unde odit nobis qui voluptatem\nquia voluptas consequuntur itaque dolor\net qui rerum deleniti ut occaecati"
    },
    {
        "postId": 1,
        "id": 5,
        "name": "vero eaque aliquid doloribus et culpa",
        "email": "Hayden@althea.biz",
        "body": "harum non quasi et ratione\ntempore iure ex voluptates in ratione\nharum architecto fugit inventore cupiditate\nvoluptates magni quo et"
    }
]
]]></system-out>
  </testcase>
  <testcase name="testGetAllUsers" classname="com.apitesting.tests.lab7.UserApiTest" time="1.366">
    <system-out><![CDATA[Request method:	GET
Request URI:	https://jsonplaceholder.typicode.com/users
Proxy:			<none>
Request params:	<none>
Query params:	<none>
Form params:	<none>
Path params:	<none>
Headers:		Accept=application/json
				Content-Type=application/json
Cookies:		<none>
Multiparts:		<none>
Body:			<none>
HTTP/1.1 200 OK
Date: Wed, 25 Mar 2026 15:26:30 GMT
Content-Type: application/json; charset=utf-8
Content-Length: 1847
Connection: keep-alive
access-control-allow-credentials: true
Cache-Control: max-age=43200
Content-Encoding: gzip
etag: W/"160d-1eMSsxeJRfnVLRBmYJSbCiJZ1qQ"
expires: -1
nel: {"report_to":"heroku-nel","response_headers":["Via"],"max_age":3600,"success_fraction":0.01,"failure_fraction":0.1}
pragma: no-cache
report-to: {"group":"heroku-nel","endpoints":[{"url":"https://nel.heroku.com/reports?s=mAv1G17s3g850q8NRxnf3Um09KsUW1fB0krQ045A%2FPY%3D\u0026sid=e11707d5-02a7-43ef-b45e-2cf4d2036f7d\u0026ts=1772520177"}],"max_age":3600}
reporting-endpoints: heroku-nel="https://nel.heroku.com/reports?s=mAv1G17s3g850q8NRxnf3Um09KsUW1fB0krQ045A%2FPY%3D&sid=e11707d5-02a7-43ef-b45e-2cf4d2036f7d&ts=1772520177"
Server: cloudflare
vary: Origin, Accept-Encoding
via: 2.0 heroku-router
x-content-type-options: nosniff
x-powered-by: Express
x-ratelimit-limit: 1000
x-ratelimit-remaining: 999
x-ratelimit-reset: 1772520231
Age: 3607
Accept-Ranges: bytes
cf-cache-status: HIT
CF-RAY: 9e1eef2e1fe6fd2d-SIN
alt-svc: h3=":443"; ma=86400

[
    {
        "id": 1,
        "name": "Leanne Graham",
        "username": "Bret",
        "email": "Sincere@april.biz",
        "address": {
            "street": "Kulas Light",
            "suite": "Apt. 556",
            "city": "Gwenborough",
            "zipcode": "92998-3874",
            "geo": {
                "lat": "-37.3159",
                "lng": "81.1496"
            }
        },
        "phone": "1-770-736-8031 x56442",
        "website": "hildegard.org",
        "company": {
            "name": "Romaguera-Crona",
            "catchPhrase": "Multi-layered client-server neural-net",
            "bs": "harness real-time e-markets"
        }
    },
    {
        "id": 2,
        "name": "Ervin Howell",
        "username": "Antonette",
        "email": "Shanna@melissa.tv",
        "address": {
            "street": "Victor Plains",
            "suite": "Suite 879",
            "city": "Wisokyburgh",
            "zipcode": "90566-7771",
            "geo": {
                "lat": "-43.9509",
                "lng": "-34.4618"
            }
        },
        "phone": "010-692-6593 x09125",
        "website": "anastasia.net",
        "company": {
            "name": "Deckow-Crist",
            "catchPhrase": "Proactive didactic contingency",
            "bs": "synergize scalable supply-chains"
        }
    },
    {
        "id": 3,
        "name": "Clementine Bauch",
        "username": "Samantha",
        "email": "Nathan@yesenia.net",
        "address": {
            "street": "Douglas Extension",
            "suite": "Suite 847",
            "city": "McKenziehaven",
            "zipcode": "59590-4157",
            "geo": {
                "lat": "-68.6102",
                "lng": "-47.0653"
            }
        },
        "phone": "1-463-123-4447",
        "website": "ramiro.info",
        "company": {
            "name": "Romaguera-Jacobson",
            "catchPhrase": "Face to face bifurcated interface",
            "bs": "e-enable strategic applications"
        }
    },
    {
        "id": 4,
        "name": "Patricia Lebsack",
        "username": "Karianne",
        "email": "Julianne.OConner@kory.org",
        "address": {
            "street": "Hoeger Mall",
            "suite": "Apt. 692",
            "city": "South Elvis",
            "zipcode": "53919-4257",
            "geo": {
                "lat": "29.4572",
                "lng": "-164.2990"
            }
        },
        "phone": "493-170-9623 x156",
        "website": "kale.biz",
        "company": {
            "name": "Robel-Corkery",
            "catchPhrase": "Multi-tiered zero tolerance productivity",
            "bs": "transition cutting-edge web services"
        }
    },
    {
        "id": 5,
        "name": "Chelsey Dietrich",
        "username": "Kamren",
        "email": "Lucio_Hettinger@annie.ca",
        "address": {
            "street": "Skiles Walks",
            "suite": "Suite 351",
            "city": "Roscoeview",
            "zipcode": "33263",
            "geo": {
                "lat": "-31.8129",
                "lng": "62.5342"
            }
        },
        "phone": "(254)954-1289",
        "website": "demarco.info",
        "company": {
            "name": "Keebler LLC",
            "catchPhrase": "User-centric fault-tolerant solution",
            "bs": "revolutionize end-to-end systems"
        }
    },
    {
        "id": 6,
        "name": "Mrs. Dennis Schulist",
        "username": "Leopoldo_Corkery",
        "email": "Karley_Dach@jasper.info",
        "address": {
            "street": "Norberto Crossing",
            "suite": "Apt. 950",
            "city": "South Christy",
            "zipcode": "23505-1337",
            "geo": {
                "lat": "-71.4197",
                "lng": "71.7478"
            }
        },
        "phone": "1-477-935-8478 x6430",
        "website": "ola.org",
        "company": {
            "name": "Considine-Lockman",
            "catchPhrase": "Synchronised bottom-line interface",
            "bs": "e-enable innovative applications"
        }
    },
    {
        "id": 7,
        "name": "Kurtis Weissnat",
        "username": "Elwyn.Skiles",
        "email": "Telly.Hoeger@billy.biz",
        "address": {
            "street": "Rex Trail",
            "suite": "Suite 280",
            "city": "Howemouth",
            "zipcode": "58804-1099",
            "geo": {
                "lat": "24.8918",
                "lng": "21.8984"
            }
        },
        "phone": "210.067.6132",
        "website": "elvis.io",
        "company": {
            "name": "Johns Group",
            "catchPhrase": "Configurable multimedia task-force",
            "bs": "generate enterprise e-tailers"
        }
    },
    {
        "id": 8,
        "name": "Nicholas Runolfsdottir V",
        "username": "Maxime_Nienow",
        "email": "Sherwood@rosamond.me",
        "address": {
            "street": "Ellsworth Summit",
            "suite": "Suite 729",
            "city": "Aliyaview",
            "zipcode": "45169",
            "geo": {
                "lat": "-14.3990",
                "lng": "-120.7677"
            }
        },
        "phone": "586.493.6943 x140",
        "website": "jacynthe.com",
        "company": {
            "name": "Abernathy Group",
            "catchPhrase": "Implemented secondary concept",
            "bs": "e-enable extensible e-tailers"
        }
    },
    {
        "id": 9,
        "name": "Glenna Reichert",
        "username": "Delphine",
        "email": "Chaim_McDermott@dana.io",
        "address": {
            "street": "Dayna Park",
            "suite": "Suite 449",
            "city": "Bartholomebury",
            "zipcode": "76495-3109",
            "geo": {
                "lat": "24.6463",
                "lng": "-168.8889"
            }
        },
        "phone": "(775)976-6794 x41206",
        "website": "conrad.com",
        "company": {
            "name": "Yost and Sons",
            "catchPhrase": "Switchable contextually-based project",
            "bs": "aggregate real-time technologies"
        }
    },
    {
        "id": 10,
        "name": "Clementina DuBuque",
        "username": "Moriah.Stanton",
        "email": "Rey.Padberg@karina.biz",
        "address": {
            "street": "Kattie Turnpike",
            "suite": "Suite 198",
            "city": "Lebsackbury",
            "zipcode": "31428-2261",
            "geo": {
                "lat": "-38.2386",
                "lng": "57.2232"
            }
        },
        "phone": "024-648-3804",
        "website": "ambrose.net",
        "company": {
            "name": "Hoeger LLC",
            "catchPhrase": "Centralized empowering task-force",
            "bs": "target end-to-end models"
        }
    }
]
]]></system-out>
  </testcase>
  <testcase name="testGetSingleUserWithSchemaValidation" classname="com.apitesting.tests.lab7.UserApiTest" time="0.889">
    <system-out><![CDATA[Request method:	GET
Request URI:	https://jsonplaceholder.typicode.com/users/1
Proxy:			<none>
Request params:	<none>
Query params:	<none>
Form params:	<none>
Path params:	<none>
Headers:		Accept=application/json
				Content-Type=application/json
Cookies:		<none>
Multiparts:		<none>
Body:			<none>
HTTP/1.1 200 OK
Date: Wed, 25 Mar 2026 15:26:31 GMT
Content-Type: application/json; charset=utf-8
Transfer-Encoding: chunked
Connection: keep-alive
access-control-allow-credentials: true
Cache-Control: max-age=43200
etag: W/"1fd-+2Y3G3w049iSZtw5t1mzSnunngE"
expires: -1
nel: {"report_to":"heroku-nel","response_headers":["Via"],"max_age":3600,"success_fraction":0.01,"failure_fraction":0.1}
pragma: no-cache
report-to: {"group":"heroku-nel","endpoints":[{"url":"https://nel.heroku.com/reports?s=rdw%2BR3f2W%2Bb%2BAd6O3boqRcXcG3utN8gMIk48dn3ghRQ%3D\u0026sid=e11707d5-02a7-43ef-b45e-2cf4d2036f7d\u0026ts=1773603138"}],"max_age":3600}
reporting-endpoints: heroku-nel="https://nel.heroku.com/reports?s=rdw%2BR3f2W%2Bb%2BAd6O3boqRcXcG3utN8gMIk48dn3ghRQ%3D&sid=e11707d5-02a7-43ef-b45e-2cf4d2036f7d&ts=1773603138"
Server: cloudflare
vary: Origin, Accept-Encoding
via: 2.0 heroku-router
x-content-type-options: nosniff
x-powered-by: Express
x-ratelimit-limit: 1000
x-ratelimit-remaining: 750
x-ratelimit-reset: 1773603168
Age: 16486
cf-cache-status: HIT
Content-Encoding: gzip
CF-RAY: 9e1eef363f119b90-SIN
alt-svc: h3=":443"; ma=86400

{
    "id": 1,
    "name": "Leanne Graham",
    "username": "Bret",
    "email": "Sincere@april.biz",
    "address": {
        "street": "Kulas Light",
        "suite": "Apt. 556",
        "city": "Gwenborough",
        "zipcode": "92998-3874",
        "geo": {
            "lat": "-37.3159",
            "lng": "81.1496"
        }
    },
    "phone": "1-770-736-8031 x56442",
    "website": "hildegard.org",
    "company": {
        "name": "Romaguera-Crona",
        "catchPhrase": "Multi-layered client-server neural-net",
        "bs": "harness real-time e-markets"
    }
}
]]></system-out>
  </testcase>
</testsuite>