<?xml version="1.0" encoding="UTF-8"?>
<testng-results ignored="0" total="14" passed="14" failed="0" skipped="0">
  <reporter-output>
  </reporter-output>
  <suite started-at="2026-03-19T12:28:06 ICT" name="Bai4_PathCoverage_Suite" finished-at="2026-03-19T12:28:06 ICT" duration-ms="57">
    <groups>
    </groups>
    <test started-at="2026-03-19T12:28:06 ICT" name="Bai4.1-4.2 - PhiShip Basis Path Tests (CC=8)" finished-at="2026-03-19T12:28:06 ICT" duration-ms="57">
      <class name="com.example.bai4_pathcoverage.PhiShipBasisPathTest">
        <test-method signature="testExtra_NgoaiThanh_Nang_COMember()[pri:0, instance:com.example.bai4_pathcoverage.PhiShipBasisPathTest@3754a4bf]" started-at="2026-03-19T12:28:06 ICT" name="testExtra_NgoaiThanh_Nang_COMember" description="Extra [D4=T,D5=T,D7=T]: ngoai_thanh, 6kg, co member -&gt; phi=34000*0.9=30600" finished-at="2026-03-19T12:28:06 ICT" duration-ms="10" status="PASS">
          <reporter-output>
          </reporter-output>
        </test-method> <!-- testExtra_NgoaiThanh_Nang_COMember -->
        <test-method signature="testExtra_NoiThanh_Nhe_COMember()[pri:0, instance:com.example.bai4_pathcoverage.PhiShipBasisPathTest@3754a4bf]" started-at="2026-03-19T12:28:06 ICT" name="testExtra_NoiThanh_Nhe_COMember" description="Extra [D2=T,D3=F,D7=T]: noi_thanh, 3kg, co member -&gt; phi=15000*0.9=13500" finished-at="2026-03-19T12:28:06 ICT" duration-ms="1" status="PASS">
          <reporter-output>
          </reporter-output>
        </test-method> <!-- testExtra_NoiThanh_Nhe_COMember -->
        <test-method signature="testPath1_TrongLuongKhongHopLe_Am()[pri:0, instance:com.example.bai4_pathcoverage.PhiShipBasisPathTest@3754a4bf]" started-at="2026-03-19T12:28:06 ICT" name="testPath1_TrongLuongKhongHopLe_Am" description="Path 1 [D1=True]: Trong luong = -1 (am) -&gt; throws IllegalArgumentException" finished-at="2026-03-19T12:28:06 ICT" duration-ms="0" status="PASS">
          <reporter-output>
          </reporter-output>
        </test-method> <!-- testPath1_TrongLuongKhongHopLe_Am -->
        <test-method signature="testPath1b_TrongLuongKhongHopLe_Khong()[pri:0, instance:com.example.bai4_pathcoverage.PhiShipBasisPathTest@3754a4bf]" started-at="2026-03-19T12:28:06 ICT" name="testPath1b_TrongLuongKhongHopLe_Khong" description="Path 1b [D1=True bien]: Trong luong = 0 -&gt; throws IllegalArgumentException" finished-at="2026-03-19T12:28:06 ICT" duration-ms="0" status="PASS">
          <reporter-output>
          </reporter-output>
        </test-method> <!-- testPath1b_TrongLuongKhongHopLe_Khong -->
        <test-method signature="testPath2_NoiThanh_Nhe_KhongMember()[pri:0, instance:com.example.bai4_pathcoverage.PhiShipBasisPathTest@3754a4bf]" started-at="2026-03-19T12:28:06 ICT" name="testPath2_NoiThanh_Nhe_KhongMember" description="Path 2 [D2=T,D3=F,D7=F]: noi_thanh, 3kg (&lt;=5), ko member -&gt; phi=15000" finished-at="2026-03-19T12:28:06 ICT" duration-ms="2" status="PASS">
          <reporter-output>
          </reporter-output>
        </test-method> <!-- testPath2_NoiThanh_Nhe_KhongMember -->
        <test-method signature="testPath2b_NoiThanh_Bien5kg()[pri:0, instance:com.example.bai4_pathcoverage.PhiShipBasisPathTest@3754a4bf]" started-at="2026-03-19T12:28:06 ICT" name="testPath2b_NoiThanh_Bien5kg" description="Path 2b [D3=F bien]: noi_thanh, 5kg (bien cua D3=False) -&gt; phi=15000" finished-at="2026-03-19T12:28:06 ICT" duration-ms="1" status="PASS">
          <reporter-output>
          </reporter-output>
        </test-method> <!-- testPath2b_NoiThanh_Bien5kg -->
        <test-method signature="testPath3_NoiThanh_Nang_KhongMember()[pri:0, instance:com.example.bai4_pathcoverage.PhiShipBasisPathTest@3754a4bf]" started-at="2026-03-19T12:28:06 ICT" name="testPath3_NoiThanh_Nang_KhongMember" description="Path 3 [D2=T,D3=T,D7=F]: noi_thanh, 8kg (&gt;5), ko member -&gt; phi=21000" finished-at="2026-03-19T12:28:06 ICT" duration-ms="0" status="PASS">
          <reporter-output>
          </reporter-output>
        </test-method> <!-- testPath3_NoiThanh_Nang_KhongMember -->
        <test-method signature="testPath4_NoiThanh_Nang_COMember()[pri:0, instance:com.example.bai4_pathcoverage.PhiShipBasisPathTest@3754a4bf]" started-at="2026-03-19T12:28:06 ICT" name="testPath4_NoiThanh_Nang_COMember" description="Path 4 [D2=T,D3=T,D7=T]: noi_thanh, 8kg (&gt;5), co member -&gt; phi=18900" finished-at="2026-03-19T12:28:06 ICT" duration-ms="0" status="PASS">
          <reporter-output>
          </reporter-output>
        </test-method> <!-- testPath4_NoiThanh_Nang_COMember -->
        <test-method signature="testPath5_NgoaiThanh_Nhe_KhongMember()[pri:0, instance:com.example.bai4_pathcoverage.PhiShipBasisPathTest@3754a4bf]" started-at="2026-03-19T12:28:06 ICT" name="testPath5_NgoaiThanh_Nhe_KhongMember" description="Path 5 [D4=T,D5=F,D7=F]: ngoai_thanh, 2kg (&lt;=3), ko member -&gt; phi=25000" finished-at="2026-03-19T12:28:06 ICT" duration-ms="1" status="PASS">
          <reporter-output>
          </reporter-output>
        </test-method> <!-- testPath5_NgoaiThanh_Nhe_KhongMember -->
        <test-method signature="testPath5b_NgoaiThanh_Bien3kg()[pri:0, instance:com.example.bai4_pathcoverage.PhiShipBasisPathTest@3754a4bf]" started-at="2026-03-19T12:28:06 ICT" name="testPath5b_NgoaiThanh_Bien3kg" description="Path 5b [D5=F bien]: ngoai_thanh, 3kg (bien cua D5=False) -&gt; phi=25000" finished-at="2026-03-19T12:28:06 ICT" duration-ms="1" status="PASS">
          <reporter-output>
          </reporter-output>
        </test-method> <!-- testPath5b_NgoaiThanh_Bien3kg -->
        <test-method signature="testPath6_NgoaiThanh_Nang_KhongMember()[pri:0, instance:com.example.bai4_pathcoverage.PhiShipBasisPathTest@3754a4bf]" started-at="2026-03-19T12:28:06 ICT" name="testPath6_NgoaiThanh_Nang_KhongMember" description="Path 6 [D4=T,D5=T,D7=F]: ngoai_thanh, 6kg (&gt;3), ko member -&gt; phi=34000" finished-at="2026-03-19T12:28:06 ICT" duration-ms="1" status="PASS">
          <reporter-output>
          </reporter-output>
        </test-method> <!-- testPath6_NgoaiThanh_Nang_KhongMember -->
        <test-method signature="testPath7_TinhKhac_Nhe_KhongMember()[pri:0, instance:com.example.bai4_pathcoverage.PhiShipBasisPathTest@3754a4bf]" started-at="2026-03-19T12:28:06 ICT" name="testPath7_TinhKhac_Nhe_KhongMember" description="Path 7 [D4=F,D6=F,D7=F]: tinh_khac, 1kg (&lt;=2), ko member -&gt; phi=50000" finished-at="2026-03-19T12:28:06 ICT" duration-ms="1" status="PASS">
          <reporter-output>
          </reporter-output>
        </test-method> <!-- testPath7_TinhKhac_Nhe_KhongMember -->
        <test-method signature="testPath7b_TinhKhac_Bien2kg()[pri:0, instance:com.example.bai4_pathcoverage.PhiShipBasisPathTest@3754a4bf]" started-at="2026-03-19T12:28:06 ICT" name="testPath7b_TinhKhac_Bien2kg" description="Path 7b [D6=F bien]: tinh_khac, 2kg (bien cua D6=False) -&gt; phi=50000" finished-at="2026-03-19T12:28:06 ICT" duration-ms="2" status="PASS">
          <reporter-output>
          </reporter-output>
        </test-method> <!-- testPath7b_TinhKhac_Bien2kg -->
        <test-method signature="testPath8_TinhKhac_Nang_COMember()[pri:0, instance:com.example.bai4_pathcoverage.PhiShipBasisPathTest@3754a4bf]" started-at="2026-03-19T12:28:06 ICT" name="testPath8_TinhKhac_Nang_COMember" description="Path 8 [D4=F,D6=T,D7=T]: tinh_khac, 5kg (&gt;2), co member -&gt; phi=58500" finished-at="2026-03-19T12:28:06 ICT" duration-ms="1" status="PASS">
          <reporter-output>
          </reporter-output>
        </test-method> <!-- testPath8_TinhKhac_Nang_COMember -->
      </class> <!-- com.example.bai4_pathcoverage.PhiShipBasisPathTest -->
    </test> <!-- Bai4.1-4.2 - PhiShip Basis Path Tests (CC=8) -->
  </suite> <!-- Bai4_PathCoverage_Suite -->
</testng-results>
