<?xml version="1.0" encoding="UTF-8"?>
<testsuite xmlns:xsi="http://www.w3.org/2001/XMLSchema-instance" xsi:noNamespaceSchemaLocation="https://maven.apache.org/surefire/maven-surefire-plugin/xsd/surefire-test-report-3.0.xsd" version="3.0" name="TestSuite" time="0.785" tests="37" errors="0" skipped="0" failures="0">
  <properties>
[...]
</properties>
  <testcase name="testDataProvider_InvalidPhones[null, null](1)" classname="com.example.bai6_whitebox_selenium.PhoneValidatorTest" time="0.013">
    <system-out><![CDATA[...
... TestNG 7.9.0 by Cédric Beust (cedric@beust.com)
...

DataProvider PASS [null]: 'null' -> false
]]></system-out>
  </testcase>
  <testcase name="testDataProvider_InvalidPhones[, rong](2)" classname="com.example.bai6_whitebox_selenium.PhoneValidatorTest" time="0.001">
    <system-out><![CDATA[DataProvider PASS [rong]: '' -> false
]]></system-out>
  </testcase>
  <testcase name="testDataProvider_InvalidPhones[   , khoang trang](3)" classname="com.example.bai6_whitebox_selenium.PhoneValidatorTest" time="0.0">
    <system-out><![CDATA[DataProvider PASS [khoang trang]: '   ' -> false
]]></system-out>
  </testcase>
  <testcase name="testDataProvider_InvalidPhones[09abc12345, chua chu cai](4)" classname="com.example.bai6_whitebox_selenium.PhoneValidatorTest" time="0.0">
    <system-out><![CDATA[DataProvider PASS [chua chu cai]: '09abc12345' -> false
]]></system-out>
  </testcase>
  <testcase name="testDataProvider_InvalidPhones[1234567890, bat dau bang 1](5)" classname="com.example.bai6_whitebox_selenium.PhoneValidatorTest" time="0.001">
    <system-out><![CDATA[DataProvider PASS [bat dau bang 1]: '1234567890' -> false
]]></system-out>
  </testcase>
  <testcase name="testDataProvider_InvalidPhones[0212345678, dau so 2 (sai)](6)" classname="com.example.bai6_whitebox_selenium.PhoneValidatorTest" time="0.003">
    <system-out><![CDATA[DataProvider PASS [dau so 2 (sai)]: '0212345678' -> false
]]></system-out>
  </testcase>
  <testcase name="testDataProvider_InvalidPhones[0412345678, dau so 4 (sai)](7)" classname="com.example.bai6_whitebox_selenium.PhoneValidatorTest" time="0.0">
    <system-out><![CDATA[DataProvider PASS [dau so 4 (sai)]: '0412345678' -> false
]]></system-out>
  </testcase>
  <testcase name="testDataProvider_InvalidPhones[093456789, 9 chu so (thieu 1)](8)" classname="com.example.bai6_whitebox_selenium.PhoneValidatorTest" time="0.001">
    <system-out><![CDATA[DataProvider PASS [9 chu so (thieu 1)]: '093456789' -> false
]]></system-out>
  </testcase>
  <testcase name="testDataProvider_InvalidPhones[09345678901, 11 chu so (du 1)](9)" classname="com.example.bai6_whitebox_selenium.PhoneValidatorTest" time="0.001">
    <system-out><![CDATA[DataProvider PASS [11 chu so (du 1)]: '09345678901' -> false
]]></system-out>
  </testcase>
  <testcase name="testDataProvider_InvalidPhones[+8412345678, +84 + 8 chu so (thieu 1)](10)" classname="com.example.bai6_whitebox_selenium.PhoneValidatorTest" time="0.001">
    <system-out><![CDATA[DataProvider PASS [+84 + 8 chu so (thieu 1)]: '+8412345678' -> false
]]></system-out>
  </testcase>
  <testcase name="testDataProvider_ValidPhones[0312345678, 03x format](1)" classname="com.example.bai6_whitebox_selenium.PhoneValidatorTest" time="0.002">
    <system-out><![CDATA[DataProvider PASS [03x format]: '0312345678' -> true
]]></system-out>
  </testcase>
  <testcase name="testDataProvider_ValidPhones[0512345678, 05x format](2)" classname="com.example.bai6_whitebox_selenium.PhoneValidatorTest" time="0.001">
    <system-out><![CDATA[DataProvider PASS [05x format]: '0512345678' -> true
]]></system-out>
  </testcase>
  <testcase name="testDataProvider_ValidPhones[0712345678, 07x format](3)" classname="com.example.bai6_whitebox_selenium.PhoneValidatorTest" time="0.0">
    <system-out><![CDATA[DataProvider PASS [07x format]: '0712345678' -> true
]]></system-out>
  </testcase>
  <testcase name="testDataProvider_ValidPhones[0812345678, 08x format](4)" classname="com.example.bai6_whitebox_selenium.PhoneValidatorTest" time="0.001">
    <system-out><![CDATA[DataProvider PASS [08x format]: '0812345678' -> true
]]></system-out>
  </testcase>
  <testcase name="testDataProvider_ValidPhones[0912345678, 09x format](5)" classname="com.example.bai6_whitebox_selenium.PhoneValidatorTest" time="0.001">
    <system-out><![CDATA[DataProvider PASS [09x format]: '0912345678' -> true
]]></system-out>
  </testcase>
  <testcase name="testDataProvider_ValidPhones[+84912345678, +84 format](6)" classname="com.example.bai6_whitebox_selenium.PhoneValidatorTest" time="0.001">
    <system-out><![CDATA[DataProvider PASS [+84 format]: '+84912345678' -> true
]]></system-out>
  </testcase>
  <testcase name="testDataProvider_ValidPhones[0912 345 678, co khoang trang](7)" classname="com.example.bai6_whitebox_selenium.PhoneValidatorTest" time="0.001">
    <system-out><![CDATA[DataProvider PASS [co khoang trang]: '0912 345 678' -> true
]]></system-out>
  </testcase>
  <testcase name="testDataProvider_ValidPhones[+84 912 345 678, chuoi +84 co space](8)" classname="com.example.bai6_whitebox_selenium.PhoneValidatorTest" time="0.001">
    <system-out><![CDATA[DataProvider PASS [chuoi +84 co space]: '+84 912 345 678' -> true
]]></system-out>
  </testcase>
  <testcase name="testPath1_Null" classname="com.example.bai6_whitebox_selenium.PhoneValidatorTest" time="0.002">
    <system-out><![CDATA[Path1 PASS: null -> false
]]></system-out>
  </testcase>
  <testcase name="testPath1b_Empty" classname="com.example.bai6_whitebox_selenium.PhoneValidatorTest" time="0.001">
    <system-out><![CDATA[Path1b PASS: '' -> false
]]></system-out>
  </testcase>
  <testcase name="testPath1c_BlankSpaces" classname="com.example.bai6_whitebox_selenium.PhoneValidatorTest" time="0.001">
    <system-out><![CDATA[Path1c PASS: '   ' -> false
]]></system-out>
  </testcase>
  <testcase name="testPath2_InvalidCharacter_Letter" classname="com.example.bai6_whitebox_selenium.PhoneValidatorTest" time="0.0">
    <system-out><![CDATA[Path2 PASS: '09abc12345' -> false [N2=True]
]]></system-out>
  </testcase>
  <testcase name="testPath2b_InvalidCharacter_Special" classname="com.example.bai6_whitebox_selenium.PhoneValidatorTest" time="0.0">
    <system-out><![CDATA[Path2b PASS: '09@1234567' -> false [N2=True]
]]></system-out>
  </testcase>
  <testcase name="testPath3_WrongPrefix" classname="com.example.bai6_whitebox_selenium.PhoneValidatorTest" time="0.002">
    <system-out><![CDATA[Path3 PASS: '1234567890' -> false [N4=False: prefix sai]
]]></system-out>
  </testcase>
  <testcase name="testPath4_Plus84_WrongLength" classname="com.example.bai6_whitebox_selenium.PhoneValidatorTest" time="0.0">
    <system-out><![CDATA[Path4 PASS: '+8412345678' -> false [N3=T, N5=F: sai do dai]
]]></system-out>
  </testcase>
  <testcase name="testPath5_ZeroPrefix_WrongLength" classname="com.example.bai6_whitebox_selenium.PhoneValidatorTest" time="0.001">
    <system-out><![CDATA[Path5 PASS: '093456789' -> false [N4=T, N5=F: do dai 9]
]]></system-out>
  </testcase>
  <testcase name="testPath5b_TooLong" classname="com.example.bai6_whitebox_selenium.PhoneValidatorTest" time="0.0">
    <system-out><![CDATA[Path5b PASS: 11 chu so -> false [N5=F: do dai 11]
]]></system-out>
  </testcase>
  <testcase name="testPath6_WrongSecondDigit_2" classname="com.example.bai6_whitebox_selenium.PhoneValidatorTest" time="0.001">
    <system-out><![CDATA[Path6 PASS: '0212345678' -> false [N6=F: chu so thu 2 la '2']
]]></system-out>
  </testcase>
  <testcase name="testPath6b_WrongSecondDigit_4" classname="com.example.bai6_whitebox_selenium.PhoneValidatorTest" time="0.0">
    <system-out><![CDATA[Path6b PASS: '0412345678' -> false [N6=F: chu so thu 2 la '4']
]]></system-out>
  </testcase>
  <testcase name="testPath7_Valid_Prefix09" classname="com.example.bai6_whitebox_selenium.PhoneValidatorTest" time="0.001">
    <system-out><![CDATA[Path7 PASS: '0912345678' -> true [N6=T: dau so 9]
]]></system-out>
  </testcase>
  <testcase name="testValid_Plus84Format" classname="com.example.bai6_whitebox_selenium.PhoneValidatorTest" time="0.002">
    <system-out><![CDATA[PASS: '+84912345678' -> chuan hoa -> '0912345678' -> true
]]></system-out>
  </testcase>
  <testcase name="testValid_Plus84WithSpace" classname="com.example.bai6_whitebox_selenium.PhoneValidatorTest" time="0.0">
    <system-out><![CDATA[PASS: '+84 912 345 678' -> chuan hoa -> true
]]></system-out>
  </testcase>
  <testcase name="testValid_Prefix03" classname="com.example.bai6_whitebox_selenium.PhoneValidatorTest" time="0.002">
    <system-out><![CDATA[PASS: dau so 03x -> true
]]></system-out>
  </testcase>
  <testcase name="testValid_Prefix05" classname="com.example.bai6_whitebox_selenium.PhoneValidatorTest" time="0.001">
    <system-out><![CDATA[PASS: dau so 05x -> true
]]></system-out>
  </testcase>
  <testcase name="testValid_Prefix07" classname="com.example.bai6_whitebox_selenium.PhoneValidatorTest" time="0.0">
    <system-out><![CDATA[PASS: dau so 07x -> true
]]></system-out>
  </testcase>
  <testcase name="testValid_Prefix08" classname="com.example.bai6_whitebox_selenium.PhoneValidatorTest" time="0.001">
    <system-out><![CDATA[PASS: dau so 08x -> true
]]></system-out>
  </testcase>
  <testcase name="testValid_WithSpaces" classname="com.example.bai6_whitebox_selenium.PhoneValidatorTest" time="0.002">
    <system-out><![CDATA[PASS: '0912 345 678' -> loai space -> true
]]></system-out>
  </testcase>
</testsuite>