<?xml version="1.0" encoding="UTF-8"?>
<testsuite xmlns:xsi="http://www.w3.org/2001/XMLSchema-instance" xsi:noNamespaceSchemaLocation="https://maven.apache.org/surefire/maven-surefire-plugin/xsd/surefire-test-report-3.0.xsd" version="3.0" name="TestSuite" time="0.51" tests="20" errors="0" skipped="0" failures="0">
  <properties>
[...]
</properties>
  <testcase name="testBoundary_A_Tuoi21" classname="com.example.bai5_mcdc.VayVonMCDCTest" time="0.005">
    <system-out><![CDATA[...
... TestNG 7.9.0 by Cédric Beust (cedric@beust.com)
...

Boundary-A PASS: tuoi=21 -> FALSE
]]></system-out>
  </testcase>
  <testcase name="testBoundary_A_Tuoi22" classname="com.example.bai5_mcdc.VayVonMCDCTest" time="0.001">
    <system-out><![CDATA[Boundary-A PASS: tuoi=22 -> TRUE
]]></system-out>
  </testcase>
  <testcase name="testBoundary_B_ThuNhap10tr" classname="com.example.bai5_mcdc.VayVonMCDCTest" time="0.001">
    <system-out><![CDATA[Boundary-B PASS: thuNhap=10,000,000 -> TRUE
]]></system-out>
  </testcase>
  <testcase name="testBoundary_B_ThuNhapDuoi10tr" classname="com.example.bai5_mcdc.VayVonMCDCTest" time="0.002">
    <system-out><![CDATA[Boundary-B PASS: thuNhap=9,999,999 -> FALSE
]]></system-out>
  </testcase>
  <testcase name="testBoundary_D_TinDung699" classname="com.example.bai5_mcdc.VayVonMCDCTest" time="0.0">
    <system-out><![CDATA[Boundary-D PASS: dienTinDung=699, khong tai san -> FALSE
]]></system-out>
  </testcase>
  <testcase name="testBoundary_D_TinDung700" classname="com.example.bai5_mcdc.VayVonMCDCTest" time="0.001">
    <system-out><![CDATA[Boundary-D PASS: dienTinDung=700 -> TRUE
]]></system-out>
  </testcase>
  <testcase name="testConditionCoverage_TatCaFalse" classname="com.example.bai5_mcdc.VayVonMCDCTest" time="0.0">
    <system-out><![CDATA[Condition Coverage TC2 PASS: A=F,B=F,C=F,D=F -> FALSE
]]></system-out>
  </testcase>
  <testcase name="testConditionCoverage_TatCaTrue" classname="com.example.bai5_mcdc.VayVonMCDCTest" time="0.001">
    <system-out><![CDATA[Condition Coverage TC1 PASS: A=T,B=T,C=T,D=T -> TRUE
]]></system-out>
  </testcase>
  <testcase name="testMCDC_ADocLap_TuoiThapHon22" classname="com.example.bai5_mcdc.VayVonMCDCTest" time="0.0">
    <system-out><![CDATA[MC/DC Row9 PASS [A=F,B=T,C=T,D=T]: ketQua=false | Chung minh doc lap A (cap: R1=T vs R9=F)
]]></system-out>
  </testcase>
  <testcase name="testMCDC_BDocLap_ThuNhapThap" classname="com.example.bai5_mcdc.VayVonMCDCTest" time="0.002">
    <system-out><![CDATA[MC/DC Row5 PASS [A=T,B=F,C=T,D=T]: ketQua=false | Chung minh doc lap B (cap: R1=T vs R5=F)
]]></system-out>
  </testcase>
  <testcase name="testMCDC_DataDriven[25, 1.5E7, true, 750, true, Row1 [A=T,B=T,C=T,D=T] -&gt; TRUE](1)" classname="com.example.bai5_mcdc.VayVonMCDCTest" time="0.011">
    <system-out><![CDATA[DataProvider PASS: Row1 [A=T,B=T,C=T,D=T] -> TRUE -> actual=true
]]></system-out>
  </testcase>
  <testcase name="testMCDC_DataDriven[25, 1.5E7, true, 600, true, Row2 [A=T,B=T,C=T,D=F] -&gt; TRUE](2)" classname="com.example.bai5_mcdc.VayVonMCDCTest" time="0.002">
    <system-out><![CDATA[DataProvider PASS: Row2 [A=T,B=T,C=T,D=F] -> TRUE -> actual=true
]]></system-out>
  </testcase>
  <testcase name="testMCDC_DataDriven[25, 1.5E7, false, 750, true, Row3 [A=T,B=T,C=F,D=T] -&gt; TRUE](3)" classname="com.example.bai5_mcdc.VayVonMCDCTest" time="0.001">
    <system-out><![CDATA[DataProvider PASS: Row3 [A=T,B=T,C=F,D=T] -> TRUE -> actual=true
]]></system-out>
  </testcase>
  <testcase name="testMCDC_DataDriven[25, 1.5E7, false, 600, false, Row4 [A=T,B=T,C=F,D=F] -&gt; FALSE](4)" classname="com.example.bai5_mcdc.VayVonMCDCTest" time="0.0">
    <system-out><![CDATA[DataProvider PASS: Row4 [A=T,B=T,C=F,D=F] -> FALSE -> actual=false
]]></system-out>
  </testcase>
  <testcase name="testMCDC_DataDriven[25, 8000000.0, true, 750, false, Row5 [A=T,B=F,C=T,D=T] -&gt; FALSE](5)" classname="com.example.bai5_mcdc.VayVonMCDCTest" time="0.0">
    <system-out><![CDATA[DataProvider PASS: Row5 [A=T,B=F,C=T,D=T] -> FALSE -> actual=false
]]></system-out>
  </testcase>
  <testcase name="testMCDC_DataDriven[20, 1.5E7, true, 750, false, Row9 [A=F,B=T,C=T,D=T] -&gt; FALSE](6)" classname="com.example.bai5_mcdc.VayVonMCDCTest" time="0.0">
    <system-out><![CDATA[DataProvider PASS: Row9 [A=F,B=T,C=T,D=T] -> FALSE -> actual=false
]]></system-out>
  </testcase>
  <testcase name="testMCDC_Row1_TatCaTrue" classname="com.example.bai5_mcdc.VayVonMCDCTest" time="0.0">
    <system-out><![CDATA[MC/DC Row1 PASS [A=T,B=T,C=T,D=T]: ketQua=true | Chung minh A(cap:R1vsR9), B(cap:R1vsR5)
]]></system-out>
  </testcase>
  <testcase name="testMCDC_Row2_CoTaiSan_KhongTinDung" classname="com.example.bai5_mcdc.VayVonMCDCTest" time="0.002">
    <system-out><![CDATA[MC/DC Row2 PASS [A=T,B=T,C=T,D=F]: ketQua=true | Chung minh doc lap C (cap: R2=T vs R4=F)
]]></system-out>
  </testcase>
  <testcase name="testMCDC_Row3_KhongTaiSan_TinDungTot" classname="com.example.bai5_mcdc.VayVonMCDCTest" time="0.001">
    <system-out><![CDATA[MC/DC Row3 PASS [A=T,B=T,C=F,D=T]: ketQua=true | Chung minh doc lap D (cap: R3=T vs R4=F)
]]></system-out>
  </testcase>
  <testcase name="testMCDC_Row4_KhongBaoDam" classname="com.example.bai5_mcdc.VayVonMCDCTest" time="0.001">
    <system-out><![CDATA[MC/DC Row4 PASS [A=T,B=T,C=F,D=F]: ketQua=false | Chung minh C(cap:R2vsR4) va D(cap:R3vsR4) (dieuKienBaoDam=False)
]]></system-out>
  </testcase>
</testsuite>