<?xml version="1.0" encoding="UTF-8"?>
<!-- Generated by org.testng.reporters.JUnitReportReporter -->
<testsuite hostname="DESKTOP-ISSK39T" failures="0" tests="2" name="com.apitesting.tests.lab7.UserApiTest" time="0.101" errors="0" timestamp="2026-03-25T23:28:57 ICT" skipped="0">
  <testcase classname="com.apitesting.tests.lab7.UserApiTest" name="testGetAllUsers" time="0.052"/>
  <testcase classname="com.apitesting.tests.lab7.UserApiTest" name="testGetSingleUserWithSchemaValidation" time="0.049"/>
</testsuite> <!-- com.apitesting.tests.lab7.UserApiTest -->
