<?xml version="1.0" encoding="UTF-8"?>
<!-- Generated by org.testng.reporters.JUnitReportReporter -->
<testsuite hostname="DESKTOP-ISSK39T" failures="0" tests="2" name="com.apitesting.tests.lab6.ApiUiIntegrationTest" time="3.589" errors="0" timestamp="2026-03-25T23:28:57 ICT" skipped="0">
  <testcase classname="com.apitesting.tests.lab6.ApiUiIntegrationTest" name="testFullApiUiFlow" time="2.185"/>
  <testcase classname="com.apitesting.tests.lab6.ApiUiIntegrationTest" name="testUiLoginAfterApiPrecondition" time="1.404"/>
</testsuite> <!-- com.apitesting.tests.lab6.ApiUiIntegrationTest -->
