<?xml version="1.0" encoding="UTF-8"?>
<!-- Generated by org.testng.reporters.JUnitReportReporter -->
<testsuite hostname="DESKTOP-ISSK39T" failures="0" tests="6" name="com.apitesting.tests.lab5.PerformanceSlaTest" time="0.262" errors="0" timestamp="2026-03-25T23:28:57 ICT" skipped="0">
  <testcase classname="com.apitesting.tests.lab5.PerformanceSlaTest" name="testSlaForEndpoints" time="0.022"/>
  <testcase classname="com.apitesting.tests.lab5.PerformanceSlaTest" name="testSlaForEndpoints" time="0.022"/>
  <testcase classname="com.apitesting.tests.lab5.PerformanceSlaTest" name="testStressResponseTime" time="0.166"/>
  <testcase classname="com.apitesting.tests.lab5.PerformanceSlaTest" name="testSlaForEndpoints" time="0.021"/>
  <testcase classname="com.apitesting.tests.lab5.PerformanceSlaTest" name="testSlaForEndpoints" time="0.014"/>
  <testcase classname="com.apitesting.tests.lab5.PerformanceSlaTest" name="testSlaForEndpoints" time="0.017"/>
</testsuite> <!-- com.apitesting.tests.lab5.PerformanceSlaTest -->
