<?xml version="1.0" encoding="UTF-8"?>
<!-- Generated by org.testng.reporters.JUnitReportReporter -->
<testsuite hostname="DESKTOP-ISSK39T" failures="0" tests="5" name="com.apitesting.tests.lab2.CrudUserTest" time="0.421" errors="0" timestamp="2026-03-25T23:28:57 ICT" skipped="0">
  <testcase classname="com.apitesting.tests.lab2.CrudUserTest" name="testDeleteUser" time="0.022"/>
  <testcase classname="com.apitesting.tests.lab2.CrudUserTest" name="testCreateThenGetUser" time="0.245"/>
  <testcase classname="com.apitesting.tests.lab2.CrudUserTest" name="testUpdateUser" time="0.046"/>
  <testcase classname="com.apitesting.tests.lab2.CrudUserTest" name="testCreateUser" time="0.070"/>
  <testcase classname="com.apitesting.tests.lab2.CrudUserTest" name="testPatchUser" time="0.038"/>
</testsuite> <!-- com.apitesting.tests.lab2.CrudUserTest -->
