<?xml version="1.0" encoding="UTF-8"?>
<!-- Generated by org.testng.reporters.JUnitReportReporter -->
<testsuite hostname="DESKTOP-ISSK39T" failures="0" tests="2" name="com.apitesting.tests.lab7.CommentApiTest" time="0.164" errors="0" timestamp="2026-03-25T23:28:57 ICT" skipped="0">
  <testcase classname="com.apitesting.tests.lab7.CommentApiTest" name="testGetCommentsForPost1" time="0.104"/>
  <testcase classname="com.apitesting.tests.lab7.CommentApiTest" name="testGetCommentsByQueryParam" time="0.060"/>
</testsuite> <!-- com.apitesting.tests.lab7.CommentApiTest -->
